This is pdfTeX, Version 3.141592653-2.6-1.40.26 (MiKTeX 24.4) (preloaded format=pdflatex 2024.4.28)  2 JUN 2024 15:13
entering extended mode
 restricted \write18 enabled.
 file:line:error style messages enabled.
 %&-line parsing enabled.
**d:/0bukuta/main.tex
(d:/0bukuta/main.tex
LaTeX2e <2023-11-01> patch level 1
L3 programming layer <2024-03-14>
(C:\Users\Batrisyia Zahrani\AppData\Local\Programs\MiKTeX\tex/latex/base\report.cls
Document Class: report 2023/05/17 v1.4n Standard LaTeX document class
(C:\Users\Batrisyia Zahrani\AppData\Local\Programs\MiKTeX\tex/latex/base\size12.clo
File: size12.clo 2023/05/17 v1.4n Standard LaTeX file (size option)
)
\c@part=\count188
\c@chapter=\count189
\c@section=\count190
\c@subsection=\count191
\c@subsubsection=\count192
\c@paragraph=\count193
\c@subparagraph=\count194
\c@figure=\count195
\c@table=\count196
\abovecaptionskip=\skip48
\belowcaptionskip=\skip49
\bibindent=\dimen140
) (C:\Users\Batrisyia Zahrani\AppData\Local\Programs\MiKTeX\tex/latex/geometry\geometry.sty
Package: geometry 2020/01/02 v5.9 Page Geometry
 (C:\Users\Batrisyia Zahrani\AppData\Local\Programs\MiKTeX\tex/latex/graphics\keyval.sty
Package: keyval 2022/05/29 v1.15 key=value parser (DPC)
\KV@toks@=\toks17
) (C:\Users\Batrisyia Zahrani\AppData\Local\Programs\MiKTeX\tex/generic/iftex\ifvtex.sty
Package: ifvtex 2019/10/25 v1.7 ifvtex legacy package. Use iftex instead.
 (C:\Users\Batrisyia Zahrani\AppData\Local\Programs\MiKTeX\tex/generic/iftex\iftex.sty
Package: iftex 2022/02/03 v1.0f TeX engine tests
))
\Gm@cnth=\count197
\Gm@cntv=\count198
\c@Gm@tempcnt=\count199
\Gm@bindingoffset=\dimen141
\Gm@wd@mp=\dimen142
\Gm@odd@mp=\dimen143
\Gm@even@mp=\dimen144
\Gm@layoutwidth=\dimen145
\Gm@layoutheight=\dimen146
\Gm@layouthoffset=\dimen147
\Gm@layoutvoffset=\dimen148
\Gm@dimlist=\toks18
 (C:\Users\Batrisyia Zahrani\AppData\Local\Programs\MiKTeX\tex/latex/geometry\geometry.cfg)) (C:\Users\Batrisyia Zahrani\AppData\Local\Programs\MiKTeX\tex/latex/setspace\setspace.sty
Package: setspace 2022/12/04 v6.7b set line spacing
) (C:\Users\Batrisyia Zahrani\AppData\Local\Programs\MiKTeX\tex/latex/hyperref\hyperref.sty
Package: hyperref 2024-01-20 v7.01h Hypertext links for LaTeX
 (C:\Users\Batrisyia Zahrani\AppData\Local\Programs\MiKTeX\tex/latex/kvsetkeys\kvsetkeys.sty
Package: kvsetkeys 2022-10-05 v1.19 Key value parser (HO)
) (C:\Users\Batrisyia Zahrani\AppData\Local\Programs\MiKTeX\tex/generic/kvdefinekeys\kvdefinekeys.sty
Package: kvdefinekeys 2019-12-19 v1.6 Define keys (HO)
) (C:\Users\Batrisyia Zahrani\AppData\Local\Programs\MiKTeX\tex/generic/pdfescape\pdfescape.sty
Package: pdfescape 2019/12/09 v1.15 Implements pdfTeX's escape features (HO)
 (C:\Users\Batrisyia Zahrani\AppData\Local\Programs\MiKTeX\tex/generic/ltxcmds\ltxcmds.sty
Package: ltxcmds 2023-12-04 v1.26 LaTeX kernel commands for general use (HO)
) (C:\Users\Batrisyia Zahrani\AppData\Local\Programs\MiKTeX\tex/generic/pdftexcmds\pdftexcmds.sty
Package: pdftexcmds 2020-06-27 v0.33 Utility functions of pdfTeX for LuaTeX (HO)
 (C:\Users\Batrisyia Zahrani\AppData\Local\Programs\MiKTeX\tex/generic/infwarerr\infwarerr.sty
Package: infwarerr 2019/12/03 v1.5 Providing info/warning/error messages (HO)
)
Package pdftexcmds Info: \pdf@primitive is available.
Package pdftexcmds Info: \pdf@ifprimitive is available.
Package pdftexcmds Info: \pdfdraftmode found.
)) (C:\Users\Batrisyia Zahrani\AppData\Local\Programs\MiKTeX\tex/latex/hycolor\hycolor.sty
Package: hycolor 2020-01-27 v1.10 Color options for hyperref/bookmark (HO)
) (C:\Users\Batrisyia Zahrani\AppData\Local\Programs\MiKTeX\tex/latex/auxhook\auxhook.sty
Package: auxhook 2019-12-17 v1.6 Hooks for auxiliary files (HO)
) (C:\Users\Batrisyia Zahrani\AppData\Local\Programs\MiKTeX\tex/latex/hyperref\nameref.sty
Package: nameref 2023-11-26 v2.56 Cross-referencing by name of section
 (C:\Users\Batrisyia Zahrani\AppData\Local\Programs\MiKTeX\tex/latex/refcount\refcount.sty
Package: refcount 2019/12/15 v3.6 Data extraction from label references (HO)
) (C:\Users\Batrisyia Zahrani\AppData\Local\Programs\MiKTeX\tex/generic/gettitlestring\gettitlestring.sty
Package: gettitlestring 2019/12/15 v1.6 Cleanup title references (HO)
 (C:\Users\Batrisyia Zahrani\AppData\Local\Programs\MiKTeX\tex/latex/kvoptions\kvoptions.sty
Package: kvoptions 2022-06-15 v3.15 Key value format for package options (HO)
))
\c@section@level=\count266
) (C:\Users\Batrisyia Zahrani\AppData\Local\Programs\MiKTeX\tex/latex/etoolbox\etoolbox.sty
Package: etoolbox 2020/10/05 v2.5k e-TeX tools for LaTeX (JAW)
\etb@tempcnta=\count267
)
\@linkdim=\dimen149
\Hy@linkcounter=\count268
\Hy@pagecounter=\count269
 (C:\Users\Batrisyia Zahrani\AppData\Local\Programs\MiKTeX\tex/latex/hyperref\pd1enc.def
File: pd1enc.def 2024-01-20 v7.01h Hyperref: PDFDocEncoding definition (HO)
Now handling font encoding PD1 ...
... no UTF-8 mapping file for font encoding PD1
) (C:\Users\Batrisyia Zahrani\AppData\Local\Programs\MiKTeX\tex/generic/intcalc\intcalc.sty
Package: intcalc 2019/12/15 v1.3 Expandable calculations with integers (HO)
)
\Hy@SavedSpaceFactor=\count270
 (C:\Users\Batrisyia Zahrani\AppData\Local\Programs\MiKTeX\tex/latex/hyperref\puenc.def
File: puenc.def 2024-01-20 v7.01h Hyperref: PDF Unicode definition (HO)
Now handling font encoding PU ...
... no UTF-8 mapping file for font encoding PU
)

Package hyperref Warning: Token not allowed in a PDF string (Unicode):
(hyperref)                removing `\spacefactor' on input line 4062.


Package hyperref Warning: Token not allowed in a PDF string (Unicode):
(hyperref)                removing `\@m' on input line 4062.

Package hyperref Info: Option `bookmarksnumbered' set `true' on input line 4062.
Package hyperref Info: Hyper figures OFF on input line 4179.
Package hyperref Info: Link nesting OFF on input line 4184.
Package hyperref Info: Hyper index ON on input line 4187.
Package hyperref Info: Plain pages OFF on input line 4194.
Package hyperref Info: Backreferencing OFF on input line 4199.
Package hyperref Info: Implicit mode ON; LaTeX internals redefined.
Package hyperref Info: Bookmarks ON on input line 4446.
\c@Hy@tempcnt=\count271
(C:\Users\Batrisyia Zahrani\AppData\Local\Programs\MiKTeX\tex/latex/url\url.sty
\Urlmuskip=\muskip16
Package: url 2013/09/16  ver 3.4  Verb mode for urls, etc.
)
LaTeX Info: Redefining \url on input line 4784.
\XeTeXLinkMargin=\dimen150
 (C:\Users\Batrisyia Zahrani\AppData\Local\Programs\MiKTeX\tex/generic/bitset\bitset.sty
Package: bitset 2019/12/09 v1.3 Handle bit-vector datatype (HO)
 (C:\Users\Batrisyia Zahrani\AppData\Local\Programs\MiKTeX\tex/generic/bigintcalc\bigintcalc.sty
Package: bigintcalc 2019/12/15 v1.5 Expandable calculations on big integers (HO)
))
\Fld@menulength=\count272
\Field@Width=\dimen151
\Fld@charsize=\dimen152
Package hyperref Info: Hyper figures OFF on input line 6063.
Package hyperref Info: Link nesting OFF on input line 6068.
Package hyperref Info: Hyper index ON on input line 6071.
Package hyperref Info: backreferencing OFF on input line 6078.
Package hyperref Info: Link coloring OFF on input line 6083.
Package hyperref Info: Link coloring with OCG OFF on input line 6088.
Package hyperref Info: PDF/A mode OFF on input line 6093.
 (C:\Users\Batrisyia Zahrani\AppData\Local\Programs\MiKTeX\tex/latex/base\atbegshi-ltx.sty
Package: atbegshi-ltx 2021/01/10 v1.0c Emulation of the original atbegshi
package with kernel methods
)
\Hy@abspage=\count273
\c@Item=\count274
\c@Hfootnote=\count275
)
Package hyperref Info: Driver (autodetected): hpdftex.
 (C:\Users\Batrisyia Zahrani\AppData\Local\Programs\MiKTeX\tex/latex/hyperref\hpdftex.def
File: hpdftex.def 2024-01-20 v7.01h Hyperref driver for pdfTeX
 (C:\Users\Batrisyia Zahrani\AppData\Local\Programs\MiKTeX\tex/latex/base\atveryend-ltx.sty
Package: atveryend-ltx 2020/08/19 v1.0a Emulation of the original atveryend package
with kernel methods
)
\Fld@listcount=\count276
\c@bookmark@seq@number=\count277
 (C:\Users\Batrisyia Zahrani\AppData\Local\Programs\MiKTeX\tex/latex/rerunfilecheck\rerunfilecheck.sty
Package: rerunfilecheck 2022-07-10 v1.10 Rerun checks for auxiliary files (HO)
 (C:\Users\Batrisyia Zahrani\AppData\Local\Programs\MiKTeX\tex/generic/uniquecounter\uniquecounter.sty
Package: uniquecounter 2019/12/15 v1.4 Provide unlimited unique counter (HO)
)
Package uniquecounter Info: New unique counter `rerunfilecheck' on input line 285.
)
\Hy@SectionHShift=\skip50
) (C:\Users\Batrisyia Zahrani\AppData\Local\Programs\MiKTeX\tex/latex/base\inputenc.sty
Package: inputenc 2021/02/14 v1.3d Input encoding file
\inpenc@prehook=\toks19
\inpenc@posthook=\toks20
) (C:\Users\Batrisyia Zahrani\AppData\Local\Programs\MiKTeX\tex/latex/xcolor\xcolor.sty
Package: xcolor 2023/11/15 v3.01 LaTeX color extensions (UK)
 (C:\Users\Batrisyia Zahrani\AppData\Local\Programs\MiKTeX\tex/latex/graphics-cfg\color.cfg
File: color.cfg 2016/01/02 v1.6 sample color configuration
)
Package xcolor Info: Driver file: pdftex.def on input line 274.
 (C:\Users\Batrisyia Zahrani\AppData\Local\Programs\MiKTeX\tex/latex/graphics-def\pdftex.def
File: pdftex.def 2024/04/13 v1.2c Graphics/color driver for pdftex
) (C:\Users\Batrisyia Zahrani\AppData\Local\Programs\MiKTeX\tex/latex/graphics\mathcolor.ltx)
Package xcolor Info: Model `cmy' substituted by `cmy0' on input line 1350.
Package xcolor Info: Model `hsb' substituted by `rgb' on input line 1354.
Package xcolor Info: Model `RGB' extended on input line 1366.
Package xcolor Info: Model `HTML' substituted by `rgb' on input line 1368.
Package xcolor Info: Model `Hsb' substituted by `hsb' on input line 1369.
Package xcolor Info: Model `tHsb' substituted by `hsb' on input line 1370.
Package xcolor Info: Model `HSB' substituted by `hsb' on input line 1371.
Package xcolor Info: Model `Gray' substituted by `gray' on input line 1372.
Package xcolor Info: Model `wave' substituted by `hsb' on input line 1373.
) (C:\Users\Batrisyia Zahrani\AppData\Local\Programs\MiKTeX\tex/latex/colortbl\colortbl.sty
Package: colortbl 2024/02/20 v1.0g Color table columns (DPC)
 (C:\Users\Batrisyia Zahrani\AppData\Local\Programs\MiKTeX\tex/latex/tools\array.sty
Package: array 2023/10/16 v2.5g Tabular extension package (FMi)
\col@sep=\dimen153
\ar@mcellbox=\box51
\extrarowheight=\dimen154
\NC@list=\toks21
\extratabsurround=\skip51
\backup@length=\skip52
\ar@cellbox=\box52
)
\everycr=\toks22
\minrowclearance=\skip53
\rownum=\count278
) (C:\Users\Batrisyia Zahrani\AppData\Local\Programs\MiKTeX\tex/latex/biblatex\biblatex.sty
Package: biblatex 2024/03/21 v3.20 programmable bibliographies (PK/MW)
 (C:\Users\Batrisyia Zahrani\AppData\Local\Programs\MiKTeX\tex/latex/logreq\logreq.sty
Package: logreq 2010/08/04 v1.0 xml request logger
\lrq@indent=\count279
 (C:\Users\Batrisyia Zahrani\AppData\Local\Programs\MiKTeX\tex/latex/logreq\logreq.def
File: logreq.def 2010/08/04 v1.0 logreq spec v1.0
)) (C:\Users\Batrisyia Zahrani\AppData\Local\Programs\MiKTeX\tex/latex/base\ifthen.sty
Package: ifthen 2022/04/13 v1.1d Standard LaTeX ifthen package (DPC)
)
\c@tabx@nest=\count280
\c@listtotal=\count281
\c@listcount=\count282
\c@liststart=\count283
\c@liststop=\count284
\c@citecount=\count285
\c@citetotal=\count286
\c@multicitecount=\count287
\c@multicitetotal=\count288
\c@instcount=\count289
\c@maxnames=\count290
\c@minnames=\count291
\c@maxitems=\count292
\c@minitems=\count293
\c@citecounter=\count294
\c@maxcitecounter=\count295
\c@savedcitecounter=\count296
\c@uniquelist=\count297
\c@uniquename=\count298
\c@refsection=\count299
\c@refsegment=\count300
\c@maxextratitle=\count301
\c@maxextratitleyear=\count302
\c@maxextraname=\count303
\c@maxextradate=\count304
\c@maxextraalpha=\count305
\c@abbrvpenalty=\count306
\c@highnamepenalty=\count307
\c@lownamepenalty=\count308
\c@maxparens=\count309
\c@parenlevel=\count310
\blx@tempcnta=\count311
\blx@tempcntb=\count312
\blx@tempcntc=\count313
\c@blx@maxsection=\count314
\blx@maxsegment@0=\count315
\blx@notetype=\count316
\blx@parenlevel@text=\count317
\blx@parenlevel@foot=\count318
\blx@sectionciteorder@0=\count319
\blx@sectionciteorderinternal@0=\count320
\blx@entrysetcounter=\count321
\blx@biblioinstance=\count322
\labelnumberwidth=\skip54
\labelalphawidth=\skip55
\biblabelsep=\skip56
\bibitemsep=\skip57
\bibnamesep=\skip58
\bibinitsep=\skip59
\bibparsep=\skip60
\bibhang=\skip61
\blx@bcfin=\read2
\blx@bcfout=\write3
\blx@langwohyphens=\language79
\c@mincomprange=\count323
\c@maxcomprange=\count324
\c@mincompwidth=\count325
Package biblatex Info: Trying to load biblatex default data model...
Package biblatex Info: ... file 'blx-dm.def' found.
 (C:\Users\Batrisyia Zahrani\AppData\Local\Programs\MiKTeX\tex/latex/biblatex\blx-dm.def
File: blx-dm.def 2024/03/21 v3.20 biblatex datamodel (PK/MW)
)
Package biblatex Info: Trying to load biblatex style data model...
Package biblatex Info: ... file 'ieee.dbx' not found.
Package biblatex Info: Trying to load biblatex custom data model...
Package biblatex Info: ... file 'biblatex-dm.cfg' not found.
\c@afterword=\count326
\c@savedafterword=\count327
\c@annotator=\count328
\c@savedannotator=\count329
\c@author=\count330
\c@savedauthor=\count331
\c@bookauthor=\count332
\c@savedbookauthor=\count333
\c@commentator=\count334
\c@savedcommentator=\count335
\c@editor=\count336
\c@savededitor=\count337
\c@editora=\count338
\c@savededitora=\count339
\c@editorb=\count340
\c@savededitorb=\count341
\c@editorc=\count342
\c@savededitorc=\count343
\c@foreword=\count344
\c@savedforeword=\count345
\c@holder=\count346
\c@savedholder=\count347
\c@introduction=\count348
\c@savedintroduction=\count349
\c@namea=\count350
\c@savednamea=\count351
\c@nameb=\count352
\c@savednameb=\count353
\c@namec=\count354
\c@savednamec=\count355
\c@translator=\count356
\c@savedtranslator=\count357
\c@shortauthor=\count358
\c@savedshortauthor=\count359
\c@shorteditor=\count360
\c@savedshorteditor=\count361
\c@labelname=\count362
\c@savedlabelname=\count363
\c@institution=\count364
\c@savedinstitution=\count365
\c@lista=\count366
\c@savedlista=\count367
\c@listb=\count368
\c@savedlistb=\count369
\c@listc=\count370
\c@savedlistc=\count371
\c@listd=\count372
\c@savedlistd=\count373
\c@liste=\count374
\c@savedliste=\count375
\c@listf=\count376
\c@savedlistf=\count377
\c@location=\count378
\c@savedlocation=\count379
\c@organization=\count380
\c@savedorganization=\count381
\c@origlocation=\count382
\c@savedoriglocation=\count383
\c@origpublisher=\count384
\c@savedorigpublisher=\count385
\c@publisher=\count386
\c@savedpublisher=\count387
\c@language=\count388
\c@savedlanguage=\count389
\c@origlanguage=\count390
\c@savedoriglanguage=\count391
\c@pageref=\count392
\c@savedpageref=\count393
\shorthandwidth=\skip62
\shortjournalwidth=\skip63
\shortserieswidth=\skip64
\shorttitlewidth=\skip65
\shortauthorwidth=\skip66
\shorteditorwidth=\skip67
\locallabelnumberwidth=\skip68
\locallabelalphawidth=\skip69
\localshorthandwidth=\skip70
\localshortjournalwidth=\skip71
\localshortserieswidth=\skip72
\localshorttitlewidth=\skip73
\localshortauthorwidth=\skip74
\localshorteditorwidth=\skip75
Package biblatex Info: Trying to load compatibility code...
Package biblatex Info: ... file 'blx-compat.def' found.
 (C:\Users\Batrisyia Zahrani\AppData\Local\Programs\MiKTeX\tex/latex/biblatex\blx-compat.def
File: blx-compat.def 2024/03/21 v3.20 biblatex compatibility (PK/MW)
)
Package biblatex Info: Trying to load generic definitions...
Package biblatex Info: ... file 'biblatex.def' found.
 (C:\Users\Batrisyia Zahrani\AppData\Local\Programs\MiKTeX\tex/latex/biblatex\biblatex.def
File: biblatex.def 2024/03/21 v3.20 biblatex compatibility (PK/MW)
\c@textcitecount=\count394
\c@textcitetotal=\count395
\c@textcitemaxnames=\count396
\c@biburlbigbreakpenalty=\count397
\c@biburlbreakpenalty=\count398
\c@biburlnumpenalty=\count399
\c@biburlucpenalty=\count400
\c@biburllcpenalty=\count401
\biburlbigskip=\muskip17
\biburlnumskip=\muskip18
\biburlucskip=\muskip19
\biburllcskip=\muskip20
\c@smartand=\count402
)
Package biblatex Info: Trying to load bibliography style 'ieee'...
Package biblatex Info: ... file 'ieee.bbx' found.
 (C:\Users\Batrisyia Zahrani\AppData\Local\Programs\MiKTeX\tex/latex/biblatex-ieee\ieee.bbx
File: ieee.bbx 2021/12/06 v1.3f biblatex bibliography style
Package biblatex Info: Trying to load bibliography style 'numeric-comp'...
Package biblatex Info: ... file 'numeric-comp.bbx' found.
 (C:\Users\Batrisyia Zahrani\AppData\Local\Programs\MiKTeX\tex/latex/biblatex/bbx\numeric-comp.bbx
File: numeric-comp.bbx 2024/03/21 v3.20 biblatex bibliography style (PK/MW)
Package biblatex Info: Trying to load bibliography style 'numeric'...
Package biblatex Info: ... file 'numeric.bbx' found.
 (C:\Users\Batrisyia Zahrani\AppData\Local\Programs\MiKTeX\tex/latex/biblatex/bbx\numeric.bbx
File: numeric.bbx 2024/03/21 v3.20 biblatex bibliography style (PK/MW)
Package biblatex Info: Trying to load bibliography style 'standard'...
Package biblatex Info: ... file 'standard.bbx' found.
 (C:\Users\Batrisyia Zahrani\AppData\Local\Programs\MiKTeX\tex/latex/biblatex/bbx\standard.bbx
File: standard.bbx 2024/03/21 v3.20 biblatex bibliography style (PK/MW)
\c@bbx:relatedcount=\count403
\c@bbx:relatedtotal=\count404
))))
Package biblatex Info: Trying to load citation style 'ieee'...
Package biblatex Info: ... file 'ieee.cbx' found.
 (C:\Users\Batrisyia Zahrani\AppData\Local\Programs\MiKTeX\tex/latex/biblatex-ieee\ieee.cbx
File: ieee.cbx 2021/12/06 v1.3f biblatex citation style
Package biblatex Info: Trying to load citation style 'numeric-comp'...
Package biblatex Info: ... file 'numeric-comp.cbx' found.
 (C:\Users\Batrisyia Zahrani\AppData\Local\Programs\MiKTeX\tex/latex/biblatex/cbx\numeric-comp.cbx
File: numeric-comp.cbx 2024/03/21 v3.20 biblatex citation style (PK/MW)
\c@cbx@tempcnta=\count405
\c@cbx@tempcntb=\count406
\c@cbx@tempcntc=\count407
\c@cbx@tempcntd=\count408
Package biblatex Info: Redefining '\cite'.
Package biblatex Info: Redefining '\parencite'.
Package biblatex Info: Redefining '\footcite'.
Package biblatex Info: Redefining '\footcitetext'.
Package biblatex Info: Redefining '\smartcite'.
Package biblatex Info: Redefining '\supercite'.
Package biblatex Info: Redefining '\textcite'.
Package biblatex Info: Redefining '\textcites'.
Package biblatex Info: Redefining '\cites'.
Package biblatex Info: Redefining '\parencites'.
Package biblatex Info: Redefining '\smartcites'.
)
Package biblatex Info: Redefining '\cite'.
Package biblatex Info: Redefining '\supercite'.
Package biblatex Info: Redefining '\cites'.
)
Package biblatex Info: Trying to load configuration file...
Package biblatex Info: ... file 'biblatex.cfg' found.
 (C:\Users\Batrisyia Zahrani\AppData\Local\Programs\MiKTeX\tex/latex/biblatex\biblatex.cfg
File: biblatex.cfg 
)
Package biblatex Info: Input encoding 'utf8' detected.
Package biblatex Info: Document encoding is UTF8 ....
 (C:\Users\Batrisyia Zahrani\AppData\Local\Programs\MiKTeX\tex/latex/l3kernel\expl3.sty
Package: expl3 2024-03-14 L3 programming layer (loader) 
 (C:\Users\Batrisyia Zahrani\AppData\Local\Programs\MiKTeX\tex/latex/l3backend\l3backend-pdftex.def
File: l3backend-pdftex.def 2024-03-14 L3 backend support: PDF output (pdfTeX)
\l__color_backend_stack_int=\count409
\l__pdf_internal_box=\box53
))
Package biblatex Info: ... and expl3
(biblatex)             2024-03-14 L3 programming layer (loader) 
(biblatex)             is new enough (at least 2020/04/06),
(biblatex)             setting 'casechanger=expl3'.
 (C:\Users\Batrisyia Zahrani\AppData\Local\Programs\MiKTeX\tex/latex/biblatex\blx-case-expl3.sty (C:\Users\Batrisyia Zahrani\AppData\Local\Programs\MiKTeX\tex/latex/l3packages/xparse\xparse.sty
Package: xparse 2024-03-14 L3 Experimental document command parser
)
Package: blx-case-expl3 2024/03/21 v3.20 expl3 case changing code for biblatex
)) (C:\Users\Batrisyia Zahrani\AppData\Local\Programs\MiKTeX\tex/latex/changepage\changepage.sty
Package: changepage 2009/10/20 v1.0c check page and change page layout
\c@cp@cntr=\count410
\cp@tempcnt=\count411
) (C:\Users\Batrisyia Zahrani\AppData\Local\Programs\MiKTeX\tex/latex/enumitem\enumitem.sty
Package: enumitem 2019/06/20 v3.9 Customized lists
\labelindent=\skip76
\enit@outerparindent=\dimen155
\enit@toks=\toks23
\enit@inbox=\box54
\enit@count@id=\count412
\enitdp@description=\count413
) (C:\Users\Batrisyia Zahrani\AppData\Local\Programs\MiKTeX\tex/latex/eso-pic\eso-pic.sty
Package: eso-pic 2023/05/03 v3.0c eso-pic (RN)
\ESO@tempdima=\dimen156
\ESO@tempdimb=\dimen157
) (C:\Users\Batrisyia Zahrani\AppData\Local\Programs\MiKTeX\tex/latex/txfonts\txfonts.sty
Package: txfonts 2008/01/22 v3.2.1
LaTeX Font Info:    Redeclaring symbol font `operators' on input line 21.
LaTeX Font Info:    Overwriting symbol font `operators' in version `normal'
(Font)                  OT1/cmr/m/n --> OT1/txr/m/n on input line 21.
LaTeX Font Info:    Overwriting symbol font `operators' in version `bold'
(Font)                  OT1/cmr/bx/n --> OT1/txr/m/n on input line 21.
LaTeX Font Info:    Overwriting symbol font `operators' in version `bold'
(Font)                  OT1/txr/m/n --> OT1/txr/bx/n on input line 22.
\symitalic=\mathgroup4
LaTeX Font Info:    Overwriting symbol font `italic' in version `bold'
(Font)                  OT1/txr/m/it --> OT1/txr/bx/it on input line 26.
LaTeX Font Info:    Redeclaring math alphabet \mathbf on input line 29.
LaTeX Font Info:    Overwriting math alphabet `\mathbf' in version `normal'
(Font)                  OT1/cmr/bx/n --> OT1/txr/bx/n on input line 29.
LaTeX Font Info:    Overwriting math alphabet `\mathbf' in version `bold'
(Font)                  OT1/cmr/bx/n --> OT1/txr/bx/n on input line 29.
LaTeX Font Info:    Redeclaring math alphabet \mathit on input line 30.
LaTeX Font Info:    Overwriting math alphabet `\mathit' in version `normal'
(Font)                  OT1/cmr/m/it --> OT1/txr/m/it on input line 30.
LaTeX Font Info:    Overwriting math alphabet `\mathit' in version `bold'
(Font)                  OT1/cmr/bx/it --> OT1/txr/m/it on input line 30.
LaTeX Font Info:    Overwriting math alphabet `\mathit' in version `bold'
(Font)                  OT1/txr/m/it --> OT1/txr/bx/it on input line 31.
LaTeX Font Info:    Redeclaring math alphabet \mathsf on input line 40.
LaTeX Font Info:    Overwriting math alphabet `\mathsf' in version `normal'
(Font)                  OT1/cmss/m/n --> OT1/txss/m/n on input line 40.
LaTeX Font Info:    Overwriting math alphabet `\mathsf' in version `bold'
(Font)                  OT1/cmss/bx/n --> OT1/txss/m/n on input line 40.
LaTeX Font Info:    Overwriting math alphabet `\mathsf' in version `bold'
(Font)                  OT1/txss/m/n --> OT1/txss/b/n on input line 41.
LaTeX Font Info:    Redeclaring math alphabet \mathtt on input line 50.
LaTeX Font Info:    Overwriting math alphabet `\mathtt' in version `normal'
(Font)                  OT1/cmtt/m/n --> OT1/txtt/m/n on input line 50.
LaTeX Font Info:    Overwriting math alphabet `\mathtt' in version `bold'
(Font)                  OT1/cmtt/m/n --> OT1/txtt/m/n on input line 50.
LaTeX Font Info:    Overwriting math alphabet `\mathtt' in version `bold'
(Font)                  OT1/txtt/m/n --> OT1/txtt/b/n on input line 51.
LaTeX Font Info:    Redeclaring symbol font `letters' on input line 58.
LaTeX Font Info:    Overwriting symbol font `letters' in version `normal'
(Font)                  OML/cmm/m/it --> OML/txmi/m/it on input line 58.
LaTeX Font Info:    Overwriting symbol font `letters' in version `bold'
(Font)                  OML/cmm/b/it --> OML/txmi/m/it on input line 58.
LaTeX Font Info:    Overwriting symbol font `letters' in version `bold'
(Font)                  OML/txmi/m/it --> OML/txmi/bx/it on input line 59.
\symlettersA=\mathgroup5
LaTeX Font Info:    Overwriting symbol font `lettersA' in version `bold'
(Font)                  U/txmia/m/it --> U/txmia/bx/it on input line 67.
LaTeX Font Info:    Redeclaring symbol font `symbols' on input line 77.
LaTeX Font Info:    Overwriting symbol font `symbols' in version `normal'
(Font)                  OMS/cmsy/m/n --> OMS/txsy/m/n on input line 77.
LaTeX Font Info:    Overwriting symbol font `symbols' in version `bold'
(Font)                  OMS/cmsy/b/n --> OMS/txsy/m/n on input line 77.
LaTeX Font Info:    Overwriting symbol font `symbols' in version `bold'
(Font)                  OMS/txsy/m/n --> OMS/txsy/bx/n on input line 78.
\symAMSa=\mathgroup6
LaTeX Font Info:    Overwriting symbol font `AMSa' in version `bold'
(Font)                  U/txsya/m/n --> U/txsya/bx/n on input line 94.
\symAMSb=\mathgroup7
LaTeX Font Info:    Overwriting symbol font `AMSb' in version `bold'
(Font)                  U/txsyb/m/n --> U/txsyb/bx/n on input line 103.
\symsymbolsC=\mathgroup8
LaTeX Font Info:    Overwriting symbol font `symbolsC' in version `bold'
(Font)                  U/txsyc/m/n --> U/txsyc/bx/n on input line 113.
LaTeX Font Info:    Redeclaring symbol font `largesymbols' on input line 120.
LaTeX Font Info:    Overwriting symbol font `largesymbols' in version `normal'
(Font)                  OMX/cmex/m/n --> OMX/txex/m/n on input line 120.
LaTeX Font Info:    Overwriting symbol font `largesymbols' in version `bold'
(Font)                  OMX/cmex/m/n --> OMX/txex/m/n on input line 120.
LaTeX Font Info:    Overwriting symbol font `largesymbols' in version `bold'
(Font)                  OMX/txex/m/n --> OMX/txex/bx/n on input line 121.
\symlargesymbolsA=\mathgroup9
LaTeX Font Info:    Overwriting symbol font `largesymbolsA' in version `bold'
(Font)                  U/txexa/m/n --> U/txexa/bx/n on input line 129.
LaTeX Font Info:    Redeclaring math symbol \mathsterling on input line 164.
LaTeX Font Info:    Redeclaring math symbol \hbar on input line 591.
LaTeX Info: Redefining \not on input line 1043.
) (C:\Users\Batrisyia Zahrani\AppData\Local\Programs\MiKTeX\tex/latex/graphics\graphicx.sty
Package: graphicx 2021/09/16 v1.2d Enhanced LaTeX Graphics (DPC,SPQR)
 (C:\Users\Batrisyia Zahrani\AppData\Local\Programs\MiKTeX\tex/latex/graphics\graphics.sty
Package: graphics 2022/03/10 v1.4e Standard LaTeX Graphics (DPC,SPQR)
 (C:\Users\Batrisyia Zahrani\AppData\Local\Programs\MiKTeX\tex/latex/graphics\trig.sty
Package: trig 2021/08/11 v1.11 sin cos tan (DPC)
) (C:\Users\Batrisyia Zahrani\AppData\Local\Programs\MiKTeX\tex/latex/graphics-cfg\graphics.cfg
File: graphics.cfg 2016/06/04 v1.11 sample graphics configuration
)
Package graphics Info: Driver file: pdftex.def on input line 107.
)
\Gin@req@height=\dimen158
\Gin@req@width=\dimen159
) (C:\Users\Batrisyia Zahrani\AppData\Local\Programs\MiKTeX\tex/latex/lipsum\lipsum.sty (C:\Users\Batrisyia Zahrani\AppData\Local\Programs\MiKTeX\tex/latex/l3packages/l3keys2e\l3keys2e.sty
Package: l3keys2e 2024-03-14 LaTeX2e option processing using LaTeX3 keys
)
Package: lipsum 2021-09-20 v2.7 150 paragraphs of Lorem Ipsum dummy text
\g__lipsum_par_int=\count414
\l__lipsum_a_int=\count415
\l__lipsum_b_int=\count416
 (C:\Users\Batrisyia Zahrani\AppData\Local\Programs\MiKTeX\tex/latex/lipsum\lipsum.ltd.tex)) (C:\Users\Batrisyia Zahrani\AppData\Local\Programs\MiKTeX\tex/latex/tools\longtable.sty
Package: longtable 2023-11-01 v4.19 Multi-page Table package (DPC)
\LTleft=\skip77
\LTright=\skip78
\LTpre=\skip79
\LTpost=\skip80
\LTchunksize=\count417
\LTcapwidth=\dimen160
\LT@head=\box55
\LT@firsthead=\box56
\LT@foot=\box57
\LT@lastfoot=\box58
\LT@gbox=\box59
\LT@cols=\count418
\LT@rows=\count419
\c@LT@tables=\count420
\c@LT@chunks=\count421
\LT@p@ftn=\toks24
) (C:\Users\Batrisyia Zahrani\AppData\Local\Programs\MiKTeX\tex/latex/tools\tabularx.sty
Package: tabularx 2023/07/08 v2.11c `tabularx' package (DPC)
\TX@col@width=\dimen161
\TX@old@table=\dimen162
\TX@old@col=\dimen163
\TX@target=\dimen164
\TX@delta=\dimen165
\TX@cols=\count422
\TX@ftn=\toks25
) (C:\Users\Batrisyia Zahrani\AppData\Local\Programs\MiKTeX\tex/latex/wrapfig\wrapfig.sty
\wrapoverhang=\dimen166
\WF@size=\dimen167
\c@WF@wrappedlines=\count423
\WF@box=\box60
\WF@everypar=\toks26
Package: wrapfig 2003/01/31  v 3.6
) (C:\Users\Batrisyia Zahrani\AppData\Local\Programs\MiKTeX\tex/latex/float\float.sty
Package: float 2001/11/08 v1.3d Float enhancements (AL)
\c@float@type=\count424
\float@exts=\toks27
\float@box=\box61
\@float@everytoks=\toks28
\@floatcapt=\box62
) (C:\Users\Batrisyia Zahrani\AppData\Local\Programs\MiKTeX\tex/latex/multirow\multirow.sty
Package: multirow 2021/03/15 v2.8 Span multiple rows of a table
\multirow@colwidth=\skip81
\multirow@cntb=\count425
\multirow@dima=\skip82
\bigstrutjot=\dimen168
) (C:\Users\Batrisyia Zahrani\AppData\Local\Programs\MiKTeX\tex/latex/caption\caption.sty
Package: caption 2023/08/05 v3.6o Customizing captions (AR)
 (C:\Users\Batrisyia Zahrani\AppData\Local\Programs\MiKTeX\tex/latex/caption\caption3.sty
Package: caption3 2023/07/31 v2.4d caption3 kernel (AR)
\caption@tempdima=\dimen169
\captionmargin=\dimen170
\caption@leftmargin=\dimen171
\caption@rightmargin=\dimen172
\caption@width=\dimen173
\caption@indent=\dimen174
\caption@parindent=\dimen175
\caption@hangindent=\dimen176
Package caption Info: Standard document class detected.
)
\c@caption@flags=\count426
\c@continuedfloat=\count427
Package caption Info: changepage package is loaded.
\caption@adjustwidth@hsize=\dimen177
\caption@adjustwidth@linewidth=\dimen178
Package caption Info: float package is loaded.
Package caption Info: hyperref package is loaded.
Package caption Info: longtable package is loaded.
 (C:\Users\Batrisyia Zahrani\AppData\Local\Programs\MiKTeX\tex/latex/caption\ltcaption.sty
Package: ltcaption 2021/01/08 v1.4c longtable captions (AR)
)
Package caption Info: wrapfig package is loaded.
) (C:\Users\Batrisyia Zahrani\AppData\Local\Programs\MiKTeX\tex/latex/paracol\paracol.sty
Package: paracol 2018/12/31 v1.35 
\pcol@currcol=\count428
\pcol@nextcol=\count429
\pcol@ncol=\count430
\pcol@ncolleft=\count431
\pcol@page=\count432
\pcol@basepage=\count433
\pcol@toppage=\count434
\pcol@footnotebase=\count435
\pcol@nfootnotes=\count436
\pcol@mcid=\count437
\pcol@prevdepth=\dimen179
\pcol@colht=\dimen180
\pcol@textfloatsep=\dimen181
\pcol@lrmargin=\dimen182
\pagerim=\dimen183
\pcol@topskip=\skip83
\belowfootnoteskip=\skip84
\pcol@topfnotes=\box63
\pcol@prespan=\box64
\pcol@rightpage=\box65
\pcol@colorstack@saved=\box66
\pcol@tempboxa=\box67
\pcol@tempboxb=\box68
\pcol@colorins=\insert252
\pcol@everyvbox=\toks29
) (C:\Users\Batrisyia Zahrani\AppData\Local\Programs\MiKTeX\tex/latex/caption\subcaption.sty
Package: subcaption 2023/07/28 v1.6b Sub-captions (AR)
Package caption Info: New subtype `subfigure' on input line 238.
\c@subfigure=\count438
Package caption Info: New subtype `subtable' on input line 238.
\c@subtable=\count439
) (C:\Users\Batrisyia Zahrani\AppData\Local\Programs\MiKTeX\tex/latex/multirow\bigstrut.sty
Package: bigstrut 2021/03/15 v2.8 Provide larger struts in tabulars
) (C:\Users\Batrisyia Zahrani\AppData\Local\Programs\MiKTeX\tex/latex/fancyhdr\fancyhdr.sty
Package: fancyhdr 2024/04/23 v4.2 Extensive control of page headers and footers
\f@nch@headwidth=\skip85
\f@nch@O@elh=\skip86
\f@nch@O@erh=\skip87
\f@nch@O@olh=\skip88
\f@nch@O@orh=\skip89
\f@nch@O@elf=\skip90
\f@nch@O@erf=\skip91
\f@nch@O@olf=\skip92
\f@nch@O@orf=\skip93
) (C:\Users\Batrisyia Zahrani\AppData\Local\Programs\MiKTeX\tex/latex/titlesec\titlesec.sty
Package: titlesec 2023/10/27 v2.16 Sectioning titles
\ttl@box=\box69
\beforetitleunit=\skip94
\aftertitleunit=\skip95
\ttl@plus=\dimen184
\ttl@minus=\dimen185
\ttl@toksa=\toks30
\titlewidth=\dimen186
\titlewidthlast=\dimen187
\titlewidthfirst=\dimen188
) (pustaka/variables.tex) (pustaka/tanda-hubung.tex) (C:\Users\Batrisyia Zahrani\AppData\Local\Programs\MiKTeX\tex/latex/listings\listings.sty
\lst@mode=\count440
\lst@gtempboxa=\box70
\lst@token=\toks31
\lst@length=\count441
\lst@currlwidth=\dimen189
\lst@column=\count442
\lst@pos=\count443
\lst@lostspace=\dimen190
\lst@width=\dimen191
\lst@newlines=\count444
\lst@lineno=\count445
\lst@maxwidth=\dimen192
 (C:\Users\Batrisyia Zahrani\AppData\Local\Programs\MiKTeX\tex/latex/listings\lstpatch.sty
File: lstpatch.sty 2024/03/11 1.10a (Carsten Heinz)
) (C:\Users\Batrisyia Zahrani\AppData\Local\Programs\MiKTeX\tex/latex/listings\lstmisc.sty
File: lstmisc.sty 2024/03/11 1.10a (Carsten Heinz)
\c@lstnumber=\count446
\lst@skipnumbers=\count447
\lst@framebox=\box71
) (C:\Users\Batrisyia Zahrani\AppData\Local\Programs\MiKTeX\tex/latex/listings\listings.cfg
File: listings.cfg 2024/03/11 1.10a listings configuration
))
Package: listings 2024/03/11 1.10a (Carsten Heinz)
\@quotelevel=\count448
\@quotereset=\count449
LaTeX Font Info:    Trying to load font information for OT1+txr on input line 137.
 (C:\Users\Batrisyia Zahrani\AppData\Local\Programs\MiKTeX\tex/latex/txfonts\ot1txr.fd
File: ot1txr.fd 2000/12/15 v3.1
) (main.aux

LaTeX Warning: Label `fig:Proses Flattening' multiply defined.


LaTeX Warning: Label `fig:Proses Flattening' multiply defined.


LaTeX Warning: Label `fig:Proses Flattening' multiply defined.


LaTeX Warning: Label `fig:Blok Diagram' multiply defined.


LaTeX Warning: Label `fig:arsitekturcnngambar' multiply defined.


LaTeX Warning: Label `fig:image1' multiply defined.


LaTeX Warning: Label `sub@fig:image1' multiply defined.


LaTeX Warning: Label `fig:image2' multiply defined.


LaTeX Warning: Label `sub@fig:image2' multiply defined.


LaTeX Warning: Label `fig:image3' multiply defined.


LaTeX Warning: Label `sub@fig:image3' multiply defined.


LaTeX Warning: Label `fig:image4' multiply defined.


LaTeX Warning: Label `sub@fig:image4' multiply defined.


LaTeX Warning: Label `fig:image5' multiply defined.


LaTeX Warning: Label `sub@fig:image5' multiply defined.


LaTeX Warning: Label `fig:image1' multiply defined.


LaTeX Warning: Label `sub@fig:image1' multiply defined.


LaTeX Warning: Label `fig:image2' multiply defined.


LaTeX Warning: Label `sub@fig:image2' multiply defined.


LaTeX Warning: Label `fig:image3' multiply defined.


LaTeX Warning: Label `sub@fig:image3' multiply defined.


LaTeX Warning: Label `fig:image4' multiply defined.


LaTeX Warning: Label `sub@fig:image4' multiply defined.


LaTeX Warning: Label `fig:image5' multiply defined.


LaTeX Warning: Label `sub@fig:image5' multiply defined.


LaTeX Warning: Label `fig:15lux' multiply defined.


LaTeX Warning: Label `fig:image1' multiply defined.


LaTeX Warning: Label `sub@fig:image1' multiply defined.


LaTeX Warning: Label `fig:image2' multiply defined.


LaTeX Warning: Label `sub@fig:image2' multiply defined.


LaTeX Warning: Label `fig:image3' multiply defined.


LaTeX Warning: Label `sub@fig:image3' multiply defined.


LaTeX Warning: Label `fig:image4' multiply defined.


LaTeX Warning: Label `sub@fig:image4' multiply defined.


LaTeX Warning: Label `fig:image5' multiply defined.


LaTeX Warning: Label `sub@fig:image5' multiply defined.


LaTeX Warning: Label `fig:15lux' multiply defined.


LaTeX Warning: Label `fig:image1' multiply defined.


LaTeX Warning: Label `sub@fig:image1' multiply defined.


LaTeX Warning: Label `fig:image2' multiply defined.


LaTeX Warning: Label `sub@fig:image2' multiply defined.


LaTeX Warning: Label `fig:image3' multiply defined.


LaTeX Warning: Label `sub@fig:image3' multiply defined.


LaTeX Warning: Label `fig:image4' multiply defined.


LaTeX Warning: Label `sub@fig:image4' multiply defined.


LaTeX Warning: Label `fig:image5' multiply defined.


LaTeX Warning: Label `sub@fig:image5' multiply defined.


LaTeX Warning: Label `fig:15lux' multiply defined.


LaTeX Warning: Label `fig:image1' multiply defined.


LaTeX Warning: Label `sub@fig:image1' multiply defined.


LaTeX Warning: Label `fig:image2' multiply defined.


LaTeX Warning: Label `sub@fig:image2' multiply defined.


LaTeX Warning: Label `fig:image3' multiply defined.


LaTeX Warning: Label `sub@fig:image3' multiply defined.


LaTeX Warning: Label `fig:image4' multiply defined.


LaTeX Warning: Label `sub@fig:image4' multiply defined.


LaTeX Warning: Label `fig:image5' multiply defined.


LaTeX Warning: Label `sub@fig:image5' multiply defined.


LaTeX Warning: Label `fig:image1' multiply defined.


LaTeX Warning: Label `sub@fig:image1' multiply defined.


LaTeX Warning: Label `fig:image2' multiply defined.


LaTeX Warning: Label `sub@fig:image2' multiply defined.


LaTeX Warning: Label `fig:image3' multiply defined.


LaTeX Warning: Label `sub@fig:image3' multiply defined.


LaTeX Warning: Label `fig:image4' multiply defined.


LaTeX Warning: Label `sub@fig:image4' multiply defined.


LaTeX Warning: Label `fig:image5' multiply defined.


LaTeX Warning: Label `sub@fig:image5' multiply defined.

)
\openout1 = `main.aux'.

LaTeX Font Info:    Checking defaults for OML/txmi/m/it on input line 137.
LaTeX Font Info:    Trying to load font information for OML+txmi on input line 137.
 (C:\Users\Batrisyia Zahrani\AppData\Local\Programs\MiKTeX\tex/latex/txfonts\omltxmi.fd
File: omltxmi.fd 2000/12/15 v3.1
)
LaTeX Font Info:    ... okay on input line 137.
LaTeX Font Info:    Checking defaults for OMS/txsy/m/n on input line 137.
LaTeX Font Info:    Trying to load font information for OMS+txsy on input line 137.
 (C:\Users\Batrisyia Zahrani\AppData\Local\Programs\MiKTeX\tex/latex/txfonts\omstxsy.fd
File: omstxsy.fd 2000/12/15 v3.1
)
LaTeX Font Info:    ... okay on input line 137.
LaTeX Font Info:    Checking defaults for OT1/cmr/m/n on input line 137.
LaTeX Font Info:    ... okay on input line 137.
LaTeX Font Info:    Checking defaults for T1/cmr/m/n on input line 137.
LaTeX Font Info:    ... okay on input line 137.
LaTeX Font Info:    Checking defaults for TS1/cmr/m/n on input line 137.
LaTeX Font Info:    ... okay on input line 137.
LaTeX Font Info:    Checking defaults for OMX/txex/m/n on input line 137.
LaTeX Font Info:    Trying to load font information for OMX+txex on input line 137.
 (C:\Users\Batrisyia Zahrani\AppData\Local\Programs\MiKTeX\tex/latex/txfonts\omxtxex.fd
File: omxtxex.fd 2000/12/15 v3.1
)
LaTeX Font Info:    ... okay on input line 137.
LaTeX Font Info:    Checking defaults for U/txexa/m/n on input line 137.
LaTeX Font Info:    Trying to load font information for U+txexa on input line 137.
 (C:\Users\Batrisyia Zahrani\AppData\Local\Programs\MiKTeX\tex/latex/txfonts\utxexa.fd
File: utxexa.fd 2000/12/15 v3.1
)
LaTeX Font Info:    ... okay on input line 137.
LaTeX Font Info:    Checking defaults for PD1/pdf/m/n on input line 137.
LaTeX Font Info:    ... okay on input line 137.
LaTeX Font Info:    Checking defaults for PU/pdf/m/n on input line 137.
LaTeX Font Info:    ... okay on input line 137.

*geometry* driver: auto-detecting
*geometry* detected driver: pdftex
*geometry* verbose mode - [ preamble ] result:
* driver: pdftex
* paper: a4paper
* layout: <same size as paper>
* layoutoffset:(h,v)=(0.0pt,0.0pt)
* modes: twoside 
* h-part:(L,W,R)=(85.35826pt, 455.24411pt, 56.9055pt)
* v-part:(T,H,B)=(85.35826pt, 688.5567pt, 71.13188pt)
* \paperwidth=597.50787pt
* \paperheight=845.04684pt
* \textwidth=455.24411pt
* \textheight=688.5567pt
* \oddsidemargin=13.08827pt
* \evensidemargin=-15.36449pt
* \topmargin=-23.91173pt
* \headheight=12.0pt
* \headsep=25.0pt
* \topskip=12.0pt
* \footskip=30.0pt
* \marginparwidth=95.0pt
* \marginparsep=10.0pt
* \columnsep=10.0pt
* \skip\footins=10.8pt plus 4.0pt minus 2.0pt
* \hoffset=0.0pt
* \voffset=0.0pt
* \mag=1000
* \@twocolumnfalse
* \@twosidetrue
* \@mparswitchtrue
* \@reversemarginfalse
* (1in=72.27pt=25.4mm, 1cm=28.453pt)

Package hyperref Info: Link coloring OFF on input line 137.
(main.out) (main.out)
\@outlinefile=\write4
\openout4 = `main.out'.

 (C:\Users\Batrisyia Zahrani\AppData\Local\Programs\MiKTeX\tex/context/base/mkii\supp-pdf.mkii
[Loading MPS to PDF converter (version 2006.09.02).]
\scratchcounter=\count450
\scratchdimen=\dimen193
\scratchbox=\box72
\nofMPsegments=\count451
\nofMParguments=\count452
\everyMPshowfont=\toks32
\MPscratchCnt=\count453
\MPscratchDim=\dimen194
\MPnumerator=\count454
\makeMPintoPDFobject=\count455
\everyMPtoPDFconversion=\toks33
) (C:\Users\Batrisyia Zahrani\AppData\Local\Programs\MiKTeX\tex/latex/epstopdf-pkg\epstopdf-base.sty
Package: epstopdf-base 2020-01-24 v2.11 Base part for package epstopdf
Package epstopdf-base Info: Redefining graphics rule for `.eps' on input line 485.
 (C:\Users\Batrisyia Zahrani\AppData\Local\Programs\MiKTeX\tex/latex/00miktex\epstopdf-sys.cfg
File: epstopdf-sys.cfg 2021/03/18 v2.0 Configuration of epstopdf for MiKTeX
))
Package biblatex Info: Trying to load language 'english'...
Package biblatex Info: ... file 'english.lbx' found.
 (C:\Users\Batrisyia Zahrani\AppData\Local\Programs\MiKTeX\tex/latex/biblatex/lbx\english.lbx
File: english.lbx 2024/03/21 v3.20 biblatex localization (PK/MW)
)
Package biblatex Info: Input encoding 'utf8' detected.
Package biblatex Info: Automatic encoding selection.
(biblatex)             Assuming data encoding 'utf8'.
\openout3 = `main.bcf'.

Package biblatex Info: Trying to load bibliographic data...
Package biblatex Info: ... file 'main.bbl' found.
 (main.bbl

Package biblatex Warning: The following entry could not be found
(biblatex)                in the database:
(biblatex)                shajihan
(biblatex)                Please verify the spelling and rerun
(biblatex)                LaTeX afterwards.

)
Package biblatex Info: Reference section=0 on input line 137.
Package biblatex Info: Reference segment=0 on input line 137.
Package caption Info: Begin \AtBeginDocument code.
Package caption Info: listings package is loaded.
Package caption Info: End \AtBeginDocument code.
\c@lstlisting=\count456
 (sampul/sampul-luar.tex
*geometry* verbose mode - [ newgeometry ] result:
* driver: pdftex
* paper: a4paper
* layout: <same size as paper>
* layoutoffset:(h,v)=(0.0pt,0.0pt)
* modes: twoside 
* h-part:(L,W,R)=(85.35826pt, 455.24411pt, 56.9055pt)
* v-part:(T,H,B)=(156.49014pt, 631.6512pt, 56.9055pt)
* \paperwidth=597.50787pt
* \paperheight=845.04684pt
* \textwidth=455.24411pt
* \textheight=631.6512pt
* \oddsidemargin=13.08827pt
* \evensidemargin=-15.36449pt
* \topmargin=47.22015pt
* \headheight=12.0pt
* \headsep=25.0pt
* \topskip=12.0pt
* \footskip=30.0pt
* \marginparwidth=95.0pt
* \marginparsep=10.0pt
* \columnsep=10.0pt
* \skip\footins=10.8pt plus 4.0pt minus 2.0pt
* \hoffset=0.0pt
* \voffset=0.0pt
* \mag=1000
* \@twocolumnfalse
* \@twosidetrue
* \@mparswitchtrue
* \@reversemarginfalse
* (1in=72.27pt=25.4mm, 1cm=28.453pt)

LaTeX Font Info:    Trying to load font information for OT1+txss on input line 27.
 (C:\Users\Batrisyia Zahrani\AppData\Local\Programs\MiKTeX\tex/latex/txfonts\ot1txss.fd
File: ot1txss.fd 2000/12/15 v3.1
)
LaTeX Font Info:    Font shape `OT1/txss/m/n' will be
(Font)              scaled to size 11.39996pt on input line 27.
LaTeX Font Info:    Font shape `OT1/txss/bx/n' in size <12> not available
(Font)              Font shape `OT1/txss/b/n' tried instead on input line 34.
LaTeX Font Info:    Font shape `OT1/txss/b/n' will be
(Font)              scaled to size 11.39996pt on input line 34.
 (sampul/konten-id.tex
LaTeX Font Info:    Font shape `OT1/txss/bx/n' in size <14.4> not available
(Font)              Font shape `OT1/txss/b/n' tried instead on input line 1.
LaTeX Font Info:    Font shape `OT1/txss/b/n' will be
(Font)              scaled to size 13.67995pt on input line 1.
LaTeX Font Info:    Font shape `OT1/txss/bx/n' in size <17.28> not available
(Font)              Font shape `OT1/txss/b/n' tried instead on input line 8.
LaTeX Font Info:    Font shape `OT1/txss/b/n' will be
(Font)              scaled to size 16.41594pt on input line 8.
LaTeX Font Info:    Font shape `OT1/txss/bx/it' in size <17.28> not available
(Font)              Font shape `OT1/txss/b/sl' tried instead on input line 9.
LaTeX Font Info:    Font shape `OT1/txss/b/sl' will be
(Font)              scaled to size 16.41594pt on input line 9.
LaTeX Font Info:    Font shape `OT1/txss/m/n' will be
(Font)              scaled to size 13.67995pt on input line 17.
)
<sampul/gambar/sampul-luar.png, id=272, 2107.875pt x 2981.1375pt>
File: sampul/gambar/sampul-luar.png Graphic file (type png)
<use sampul/gambar/sampul-luar.png>
Package pdftex.def Info: sampul/gambar/sampul-luar.png  used on input line 41.
(pdftex.def)             Requested size: 597.5021pt x 845.0387pt.
 [1


{C:/Users/Batrisyia Zahrani/AppData/Local/MiKTeX/fonts/map/pdftex/pdftex.map}{C:/Users/Batrisyia Zahrani/AppData/Local/Programs/MiKTeX/fonts/enc/dvips/base/8r.enc} <./sampul/gambar/sampul-luar.png>]) (sampul/sampul-luar-tipis.tex
*geometry* verbose mode - [ newgeometry ] result:
* driver: pdftex
* paper: a4paper
* layout: <same size as paper>
* layoutoffset:(h,v)=(0.0pt,0.0pt)
* modes: twoside 
* h-part:(L,W,R)=(85.35826pt, 426.79135pt, 85.35826pt)
* v-part:(T,H,B)=(184.9429pt, 603.19844pt, 56.9055pt)
* \paperwidth=597.50787pt
* \paperheight=845.04684pt
* \textwidth=426.79135pt
* \textheight=603.19844pt
* \oddsidemargin=13.08827pt
* \evensidemargin=13.08827pt
* \topmargin=75.67291pt
* \headheight=12.0pt
* \headsep=25.0pt
* \topskip=12.0pt
* \footskip=30.0pt
* \marginparwidth=95.0pt
* \marginparsep=10.0pt
* \columnsep=10.0pt
* \skip\footins=10.8pt plus 4.0pt minus 2.0pt
* \hoffset=0.0pt
* \voffset=0.0pt
* \mag=1000
* \@twocolumnfalse
* \@twosidetrue
* \@mparswitchtrue
* \@reversemarginfalse
* (1in=72.27pt=25.4mm, 1cm=28.453pt)

 (sampul/konten-id.tex)
pdfTeX warning (ext4): destination with the same identifier (name{page.1}) has been already used, duplicate ignored
<to be read again> 
                   \relax 
l.38 \restoregeometry
                     
<sampul/gambar/sampul-luar-tipis.png, id=280, 2107.875pt x 2981.1375pt>
File: sampul/gambar/sampul-luar-tipis.png Graphic file (type png)
<use sampul/gambar/sampul-luar-tipis.png>
Package pdftex.def Info: sampul/gambar/sampul-luar-tipis.png  used on input line 38.
(pdftex.def)             Requested size: 597.5021pt x 845.0387pt.
 [1


 <./sampul/gambar/sampul-luar-tipis.png>]) [2



] (sampul/sampul-luar-tipis.tex
*geometry* verbose mode - [ newgeometry ] result:
* driver: pdftex
* paper: a4paper
* layout: <same size as paper>
* layoutoffset:(h,v)=(0.0pt,0.0pt)
* modes: twoside 
* h-part:(L,W,R)=(85.35826pt, 426.79135pt, 85.35826pt)
* v-part:(T,H,B)=(184.9429pt, 603.19844pt, 56.9055pt)
* \paperwidth=597.50787pt
* \paperheight=845.04684pt
* \textwidth=426.79135pt
* \textheight=603.19844pt
* \oddsidemargin=13.08827pt
* \evensidemargin=13.08827pt
* \topmargin=75.67291pt
* \headheight=12.0pt
* \headsep=25.0pt
* \topskip=12.0pt
* \footskip=30.0pt
* \marginparwidth=95.0pt
* \marginparsep=10.0pt
* \columnsep=10.0pt
* \skip\footins=10.8pt plus 4.0pt minus 2.0pt
* \hoffset=0.0pt
* \voffset=0.0pt
* \mag=1000
* \@twocolumnfalse
* \@twosidetrue
* \@mparswitchtrue
* \@reversemarginfalse
* (1in=72.27pt=25.4mm, 1cm=28.453pt)

 (sampul/konten-en.tex)
File: sampul/gambar/sampul-luar-tipis.png Graphic file (type png)
<use sampul/gambar/sampul-luar-tipis.png>
Package pdftex.def Info: sampul/gambar/sampul-luar-tipis.png  used on input line 38.
(pdftex.def)             Requested size: 597.5021pt x 845.0387pt.
 [3

]) [4


] (lainnya/lembar-pengesahan.tex
LaTeX Font Info:    Font shape `OT1/txr/b/n' in size <14.4> not available
(Font)              Font shape `OT1/txr/bx/n' tried instead on input line 3.
LaTeX Font Info:    Font shape `OT1/txr/b/n' in size <12> not available
(Font)              Font shape `OT1/txr/bx/n' tried instead on input line 10.
LaTeX Font Info:    Font shape `OT1/txr/b/it' in size <12> not available
(Font)              Font shape `OT1/txr/bx/it' tried instead on input line 10.
LaTeX Font Info:    Font shape `OT1/txr/b/n' in size <10.95> not available
(Font)              Font shape `OT1/txr/bx/n' tried instead on input line 18.
 (C:\Users\Batrisyia Zahrani\AppData\Local\Programs\MiKTeX\tex/latex/txfonts\utxmia.fd) (C:\Users\Batrisyia Zahrani\AppData\Local\Programs\MiKTeX\tex/latex/txfonts\utxsya.fd) (C:\Users\Batrisyia Zahrani\AppData\Local\Programs\MiKTeX\tex/latex/txfonts\utxsyb.fd) (C:\Users\Batrisyia Zahrani\AppData\Local\Programs\MiKTeX\tex/latex/txfonts\utxsyc.fd)) [5] [6

] (lainnya/lembar-pengesahan-en.tex) [7] [8

] (lainnya/pernyataan-keaslian.tex)
Underfull \hbox (badness 10000) in paragraph at lines 29--175

 []

[9] [10

] (lainnya/pernyataan-keaslian-en.tex)
Underfull \hbox (badness 10000) in paragraph at lines 29--177

 []

[11] [12

] (abstrak/abstrak-id.tex) [1] [2

] (abstrak/abstrak-en.tex) [3] [4

] (lainnya/kata-pengantar.tex
LaTeX Font Info:    Font shape `OT1/txr/b/n' in size <17.28> not available
(Font)              Font shape `OT1/txr/bx/n' tried instead on input line 3.
) [5] [6

] (main.toc [7

] [8])
\tf@toc=\write5
\openout5 = `main.toc'.

 [9] [10

] (main.lof
Underfull \vbox (badness 3601) has occurred while \output is active []

 [11

])
\tf@lof=\write6
\openout6 = `main.lof'.

 [12] (main.lot)
\tf@lot=\write7
\openout7 = `main.lot'.

 [13


] [14

] (bab/1-pendahuluan.tex
Chapter 1.

Overfull \hbox (5.92659pt too wide) in paragraph at lines 21--22
[]\OT1/txr/m/n/12 Bagaimana mer-an-cang sis-tem yang da-pat men-ge-nali dan mema-hami berba-gai ges-tur kepala
 []


pdfTeX warning (ext4): destination with the same identifier (name{page.1}) has been already used, duplicate ignored
<to be read again> 
                   \relax 
l.30     \item M
                enguji keandalan, akurasi, dan responsivitas sistem kontrol ... [1

]
pdfTeX warning (ext4): destination with the same identifier (name{page.2}) has been already used, duplicate ignored
<to be read again> 
                   \relax 
l.53 \item \textbf
                  {BAB IV Pengujian dan Analisa} \\ [2])
pdfTeX warning (ext4): destination with the same identifier (name{page.3}) has been already used, duplicate ignored
<to be read again> 
                   \relax 
l.217 \cleardoublepage
                       [3]
pdfTeX warning (ext4): destination with the same identifier (name{page.4}) has been already used, duplicate ignored
<to be read again> 
                   \relax 
l.217 \cleardoublepage
                       [4

] (bab/2-tinjauan-pustaka.tex
Chapter 2.
LaTeX Font Info:    Font shape `OT1/txr/b/it' in size <14.4> not available
(Font)              Font shape `OT1/txr/bx/it' tried instead on input line 6.

Underfull \vbox (badness 10000) has occurred while \output is active []


pdfTeX warning (ext4): destination with the same identifier (name{page.5}) has been already used, duplicate ignored
<to be read again> 
                   \relax 
l.19 S
      ecara umum, kursi roda yang digunakan oleh masyarakat dibagi menjadi d... [5

]
<gambar/Kursi Roda Elektrik Lipat OneHealth KY123 A.jpg, id=654, 813.0375pt x 813.0375pt>
File: gambar/Kursi Roda Elektrik Lipat OneHealth KY123 A.jpg Graphic file (type jpg)
<use gambar/Kursi Roda Elektrik Lipat OneHealth KY123 A.jpg>
Package pdftex.def Info: gambar/Kursi Roda Elektrik Lipat OneHealth KY123 A.jpg  used on input line 25.
(pdftex.def)             Requested size: 203.25888pt x 203.25888pt.

pdfTeX warning (ext4): destination with the same identifier (name{page.6}) has been already used, duplicate ignored
<to be read again> 
                   \relax 
l.50 \subsection{Mediapipe}
                            [6 <./gambar/Kursi Roda Elektrik Lipat OneHealth KY123 A.jpg>]
<gambar/facelandmark.png, id=666, 2307.62125pt x 2307.62125pt>
File: gambar/facelandmark.png Graphic file (type png)
<use gambar/facelandmark.png>
Package pdftex.def Info: gambar/facelandmark.png  used on input line 57.
(pdftex.def)             Requested size: 230.77563pt x 230.77563pt.

Underfull \vbox (badness 10000) has occurred while \output is active []


pdfTeX warning (ext4): destination with the same identifier (name{page.7}) has been already used, duplicate ignored
<to be read again> 
                   \relax 
l.63 
      [7]
<gambar/arsitekturcnn.png, id=673, 3517.14pt x 1261.71375pt>
File: gambar/arsitekturcnn.png Graphic file (type png)
<use gambar/arsitekturcnn.png>
Package pdftex.def Info: gambar/arsitekturcnn.png  used on input line 75.
(pdftex.def)             Requested size: 422.03859pt x 151.39911pt.

Underfull \vbox (badness 4940) has occurred while \output is active []


pdfTeX warning (ext4): destination with the same identifier (name{page.8}) has been already used, duplicate ignored
<to be read again> 
                   \relax 
l.88 \end{equation}
                    [8 <./gambar/facelandmark.png (PNG copy)>]
<gambar/aktivasiReLU.png, id=684, 251.94125pt x 98.3675pt>
File: gambar/aktivasiReLU.png Graphic file (type png)
<use gambar/aktivasiReLU.png>
Package pdftex.def Info: gambar/aktivasiReLU.png  used on input line 95.
(pdftex.def)             Requested size: 251.94063pt x 98.36723pt.
<gambar/maxPooling.png, id=687, 164.25pt x 68.547pt>
File: gambar/maxPooling.png Graphic file (type png)
<use gambar/maxPooling.png>
Package pdftex.def Info: gambar/maxPooling.png  used on input line 107.
(pdftex.def)             Requested size: 246.37437pt x 102.82022pt.
<gambar/flattening.png, id=689, 420.57124pt x 256.96pt>
File: gambar/flattening.png Graphic file (type png)
<use gambar/flattening.png>
Package pdftex.def Info: gambar/flattening.png  used on input line 119.
(pdftex.def)             Requested size: 252.3447pt x 154.17719pt.

pdfTeX warning (ext4): destination with the same identifier (name{page.9}) has been already used, duplicate ignored
<to be read again> 
                   \relax 
l.130 D
       alam deep learning, evaluasi performa yang sering digunakan adalah \e... [9 <./gambar/arsitekturcnn.png> <./gambar/aktivasiReLU.png>]

LaTeX Warning: Citation 'shajihan' on page 10 undefined on input line 130.

<gambar/confusionmatrix.png, id=698, 489.83pt x 336.25626pt>
File: gambar/confusionmatrix.png Graphic file (type png)
<use gambar/confusionmatrix.png>
Package pdftex.def Info: gambar/confusionmatrix.png  used on input line 135.
(pdftex.def)             Requested size: 227.62206pt x 156.25491pt.

pdfTeX warning (ext4): destination with the same identifier (name{page.10}) has been already used, duplicate ignored
<to be read again> 
                   \relax 
l.147 \begin{equation}
                       [10 <./gambar/maxPooling.png> <./gambar/flattening.png> <./gambar/confusionmatrix.png>]
Underfull \vbox (badness 10000) has occurred while \output is active []


pdfTeX warning (ext4): destination with the same identifier (name{page.11}) has been already used, duplicate ignored
<to be read again> 
                   \relax 
l.189 
       [11]
Underfull \vbox (badness 10000) has occurred while \output is active []


pdfTeX warning (ext4): destination with the same identifier (name{page.12}) has been already used, duplicate ignored
<to be read again> 
                   \relax 
l.214 
       [12]
<gambar/hbridge.jpeg, id=739, 1246.6575pt x 1230.5975pt>
File: gambar/hbridge.jpeg Graphic file (type jpg)
<use gambar/hbridge.jpeg>
Package pdftex.def Info: gambar/hbridge.jpeg  used on input line 222.
(pdftex.def)             Requested size: 249.32709pt x 246.11514pt.
<gambar/esp32 pinout.jpg, id=741, 1405.25pt x 593.21625pt>
File: gambar/esp32 pinout.jpg Graphic file (type jpg)
<use gambar/esp32 pinout.jpg>
Package pdftex.def Info: gambar/esp32 pinout.jpg  used on input line 234.
(pdftex.def)             Requested size: 421.57826pt x 177.96625pt.

Overfull \hbox (1.73987pt too wide) in paragraph at lines 231--239
\OT1/txr/m/n/12 yang pal-ing pent-ing adalah WiFi dan Blue-tooth yang su-dah ter-in-te-grasi se-hingga memu-ngkinkan
 []


Underfull \vbox (badness 10000) has occurred while \output is active []

 [13 <./gambar/hbridge.jpeg>]
LaTeX Font Info:    Trying to load font information for TS1+txr on input line 244.
 (C:\Users\Batrisyia Zahrani\AppData\Local\Programs\MiKTeX\tex/latex/txfonts\ts1txr.fd
File: ts1txr.fd 2000/12/15 v3.1
)
<gambar/nuc.png, id=750, 401.5pt x 351.3125pt>
File: gambar/nuc.png Graphic file (type png)
<use gambar/nuc.png>
Package pdftex.def Info: gambar/nuc.png  used on input line 247.
(pdftex.def)             Requested size: 160.59715pt x 140.5225pt.
) [14 <./gambar/esp32 pinout.jpg> <./gambar/nuc.png>] [15] [16

] (bab/3-desain-implementasi.tex
Chapter 3.
<gambar/blokdiagramidfix.jpg, id=769, 1006.76125pt x 1562.83875pt>
File: gambar/blokdiagramidfix.jpg Graphic file (type jpg)
<use gambar/blokdiagramidfix.jpg>
Package pdftex.def Info: gambar/blokdiagramidfix.jpg  used on input line 13.
(pdftex.def)             Requested size: 273.14923pt x 424.02295pt.

Underfull \vbox (badness 10000) has occurred while \output is active []

 [17

 <./gambar/blokdiagramidfix.jpg>]
<gambar/10. Mengirim Data String WiFi.png, id=776, 410.53375pt x 353.32pt>
File: gambar/10. Mengirim Data String WiFi.png Graphic file (type png)
<use gambar/10. Mengirim Data String WiFi.png>
Package pdftex.def Info: gambar/10. Mengirim Data String WiFi.png  used on input line 28.
(pdftex.def)             Requested size: 328.42744pt x 282.65639pt.
 [18 <./gambar/10. Mengirim Data String WiFi.png>]
<gambar/4. Menerima String WiFi.png, id=786, 444.66125pt x 564.1075pt>
File: gambar/4. Menerima String WiFi.png Graphic file (type png)
<use gambar/4. Menerima String WiFi.png>
Package pdftex.def Info: gambar/4. Menerima String WiFi.png  used on input line 42.
(pdftex.def)             Requested size: 364.19667pt x 462.02885pt.


Package caption Warning: The option `hypcap=true' will be ignored for this
(caption)                particular \caption on input line 44.
See the caption package documentation for explanation.

[19 <./gambar/4. Menerima String WiFi.png>]
<gambar/Schematics.png, id=796, 1018.55531pt x 1510.14188pt>
File: gambar/Schematics.png Graphic file (type png)
<use gambar/Schematics.png>
Package pdftex.def Info: gambar/Schematics.png  used on input line 55.
(pdftex.def)             Requested size: 318.66948pt x 472.4712pt.


Package caption Warning: The option `hypcap=true' will be ignored for this
(caption)                particular \caption on input line 57.
See the caption package documentation for explanation.

<gambar/8. Kontrol Motor WiFi.png, id=801, 583.17876pt x 403.5075pt>
File: gambar/8. Kontrol Motor WiFi.png Graphic file (type png)
<use gambar/8. Kontrol Motor WiFi.png>
Package pdftex.def Info: gambar/8. Kontrol Motor WiFi.png  used on input line 66.
(pdftex.def)             Requested size: 408.22235pt x 282.45332pt.
[20 <./gambar/Schematics.png>]
<gambar/blokdiagramsoftwareidpendek.jpg, id=809, 3004.22375pt x 522.95375pt>
File: gambar/blokdiagramsoftwareidpendek.jpg Graphic file (type jpg)
<use gambar/blokdiagramsoftwareidpendek.jpg>
Package pdftex.def Info: gambar/blokdiagramsoftwareidpendek.jpg  used on input line 80.
(pdftex.def)             Requested size: 409.71692pt x 71.31387pt.


Package caption Warning: The option `hypcap=true' will be ignored for this
(caption)                particular \caption on input line 82.
See the caption package documentation for explanation.


Underfull \vbox (badness 1237) has occurred while \output is active []

 [21 <./gambar/8. Kontrol Motor WiFi.png> <./gambar/blokdiagramsoftwareidpendek.jpg>]
<gambar/normal kanan.jpg, id=816, 236.885pt x 236.885pt>
File: gambar/normal kanan.jpg Graphic file (type jpg)
<use gambar/normal kanan.jpg>
Package pdftex.def Info: gambar/normal kanan.jpg  used on input line 103.
(pdftex.def)             Requested size: 136.57462pt x 136.57649pt.
<gambar/normal kiri.jpg, id=817, 220.825pt x 220.825pt>
File: gambar/normal kiri.jpg Graphic file (type jpg)
<use gambar/normal kiri.jpg>
Package pdftex.def Info: gambar/normal kiri.jpg  used on input line 110.
(pdftex.def)             Requested size: 136.57462pt x 136.57986pt.
<gambar/normal maju.jpg, id=818, 172.645pt x 172.645pt>
File: gambar/normal maju.jpg Graphic file (type jpg)
<use gambar/normal maju.jpg>
Package pdftex.def Info: gambar/normal maju.jpg  used on input line 117.
(pdftex.def)             Requested size: 136.57462pt x 136.57771pt.
<gambar/normal mundur.jpg, id=819, 202.7575pt x 202.7575pt>
File: gambar/normal mundur.jpg Graphic file (type jpg)
<use gambar/normal mundur.jpg>
Package pdftex.def Info: gambar/normal mundur.jpg  used on input line 124.
(pdftex.def)             Requested size: 136.57462pt x 136.57695pt.
<gambar/normal stop.jpg, id=820, 206.7725pt x 206.7725pt>
File: gambar/normal stop.jpg Graphic file (type jpg)
<use gambar/normal stop.jpg>
Package pdftex.def Info: gambar/normal stop.jpg  used on input line 131.
(pdftex.def)             Requested size: 136.57462pt x 136.57753pt.

Underfull \vbox (badness 10000) has occurred while \output is active []

 [22] [23 <./gambar/normal kanan.jpg> <./gambar/normal kiri.jpg> <./gambar/normal maju.jpg> <./gambar/normal mundur.jpg> <./gambar/normal stop.jpg>]
<gambar/tabelcnn.png, id=832, 406.51875pt x 851.18pt>
File: gambar/tabelcnn.png Graphic file (type png)
<use gambar/tabelcnn.png>
Package pdftex.def Info: gambar/tabelcnn.png  used on input line 146.
(pdftex.def)             Requested size: 243.91312pt x 510.71193pt.
<gambar/tabelcnntdk.png, id=833, 414.54875pt x 851.18pt>
File: gambar/tabelcnntdk.png Graphic file (type png)
<use gambar/tabelcnntdk.png>
Package pdftex.def Info: gambar/tabelcnntdk.png  used on input line 156.
(pdftex.def)             Requested size: 248.73116pt x 510.71193pt.

Underfull \vbox (badness 10000) has occurred while \output is active []

 [24 <./gambar/tabelcnn.png>]
<gambar/arsitekturcnngambar.png, id=839, 740.7675pt x 738.76pt>
File: gambar/arsitekturcnngambar.png Graphic file (type png)
<use gambar/arsitekturcnngambar.png>
Package pdftex.def Info: gambar/arsitekturcnngambar.png  used on input line 169.
(pdftex.def)             Requested size: 296.30174pt x 295.49875pt.

Underfull \vbox (badness 10000) has occurred while \output is active []

 [25 <./gambar/tabelcnntdk.png>]
<gambar/arsitekturcnngambartdk.png, id=844, 703.62875pt x 738.76pt>
File: gambar/arsitekturcnngambartdk.png Graphic file (type png)
<use gambar/arsitekturcnngambartdk.png>
Package pdftex.def Info: gambar/arsitekturcnngambartdk.png  used on input line 179.
(pdftex.def)             Requested size: 281.4465pt x 295.49875pt.

Underfull \vbox (badness 1460) has occurred while \output is active []

 [26 <./gambar/arsitekturcnngambar.png> <./gambar/arsitekturcnngambartdk.png>]) [27] [28

] (bab/4-pengujian-analisis.tex
Chapter 4.
<gambar/pembagiandataset.jpg, id=862, 993.7125pt x 422.32782pt>
File: gambar/pembagiandataset.jpg Graphic file (type jpg)
<use gambar/pembagiandataset.jpg>
Package pdftex.def Info: gambar/pembagiandataset.jpg  used on input line 26.
(pdftex.def)             Requested size: 496.85503pt x 211.16339pt.

Overfull \hbox (41.61092pt too wide) in paragraph at lines 26--28
 [][] 
 []


Underfull \vbox (badness 5147) has occurred while \output is active []

 [29

]
<gambar/normal accuracy.png, id=875, 409.7709pt x 328.8285pt>
File: gambar/normal accuracy.png Graphic file (type png)
<use gambar/normal accuracy.png>
Package pdftex.def Info: gambar/normal accuracy.png  used on input line 40.
(pdftex.def)             Requested size: 286.83768pt x 230.17838pt.
<gambar/normal loss.png, id=876, 416.2752pt x 328.8285pt>
File: gambar/normal loss.png Graphic file (type png)
<use gambar/normal loss.png>
Package pdftex.def Info: gambar/normal loss.png  used on input line 51.
(pdftex.def)             Requested size: 291.39066pt x 230.17838pt.

Underfull \vbox (badness 10000) has occurred while \output is active []

 [30 <./gambar/pembagiandataset.jpg> <./gambar/normal accuracy.png>]
<gambar/normal confusion.png, id=882, 323.0469pt x 339.669pt>
File: gambar/normal confusion.png Graphic file (type png)
<use gambar/normal confusion.png>
Package pdftex.def Info: gambar/normal confusion.png  used on input line 60.
(pdftex.def)             Requested size: 258.43787pt x 271.73557pt.
 [31 <./gambar/normal loss.png> <./gambar/normal confusion.png>] [32]
<gambar/accuracytdk.png, id=899, 409.7709pt x 328.8285pt>
File: gambar/accuracytdk.png Graphic file (type png)
<use gambar/accuracytdk.png>
Package pdftex.def Info: gambar/accuracytdk.png  used on input line 131.
(pdftex.def)             Requested size: 286.83768pt x 230.17838pt.
<gambar/losstdk.png, id=900, 406.1574pt x 328.8285pt>
File: gambar/losstdk.png Graphic file (type png)
<use gambar/losstdk.png>
Package pdftex.def Info: gambar/losstdk.png  used on input line 141.
(pdftex.def)             Requested size: 284.30823pt x 230.17838pt.
<gambar/connfusiontdk.png, id=901, 323.0469pt x 339.669pt>
File: gambar/connfusiontdk.png Graphic file (type png)
<use gambar/connfusiontdk.png>
Package pdftex.def Info: gambar/connfusiontdk.png  used on input line 150.
(pdftex.def)             Requested size: 258.43787pt x 271.73557pt.

Underfull \vbox (badness 10000) has occurred while \output is active []

 [33 <./gambar/accuracytdk.png> <./gambar/losstdk.png>]
Underfull \vbox (badness 10000) has occurred while \output is active []

 [34 <./gambar/connfusiontdk.png>]
<gambar/50 stop.jpg, id=919, 194.7275pt x 194.7275pt>
File: gambar/50 stop.jpg Graphic file (type jpg)
<use gambar/50 stop.jpg>
Package pdftex.def Info: gambar/50 stop.jpg  used on input line 223.
(pdftex.def)             Requested size: 182.09486pt x 182.10194pt.
<gambar/75 stop.jpg, id=920, 124.465pt x 124.465pt>
File: gambar/75 stop.jpg Graphic file (type jpg)
<use gambar/75 stop.jpg>
Package pdftex.def Info: gambar/75 stop.jpg  used on input line 224.
(pdftex.def)             Requested size: 182.09486pt x 182.1105pt.
<gambar/100 stop.jpg, id=921, 94.3525pt x 94.3525pt>
File: gambar/100 stop.jpg Graphic file (type jpg)
<use gambar/100 stop.jpg>
Package pdftex.def Info: gambar/100 stop.jpg  used on input line 225.
(pdftex.def)             Requested size: 182.09486pt x 182.11066pt.

Underfull \vbox (badness 10000) has occurred while \output is active []

 [35] [36 <./gambar/50 stop.jpg> <./gambar/75 stop.jpg> <./gambar/100 stop.jpg>]
<gambar/50 kanan.jpg, id=930, 190.7125pt x 190.7125pt>
File: gambar/50 kanan.jpg Graphic file (type jpg)
<use gambar/50 kanan.jpg>
Package pdftex.def Info: gambar/50 kanan.jpg  used on input line 238.
(pdftex.def)             Requested size: 136.57462pt x 136.57954pt.
<gambar/50 kiri.jpg, id=931, 176.66pt x 176.66pt>
File: gambar/50 kiri.jpg Graphic file (type jpg)
<use gambar/50 kiri.jpg>
Package pdftex.def Info: gambar/50 kiri.jpg  used on input line 245.
(pdftex.def)             Requested size: 136.57462pt x 136.57582pt.
<gambar/50 maju.jpg, id=932, 162.6075pt x 162.6075pt>
File: gambar/50 maju.jpg Graphic file (type jpg)
<use gambar/50 maju.jpg>
Package pdftex.def Info: gambar/50 maju.jpg  used on input line 252.
(pdftex.def)             Requested size: 136.57462pt x 136.5844pt.
<gambar/50 mundur.jpg, id=933, 168.63pt x 168.63pt>
File: gambar/50 mundur.jpg Graphic file (type jpg)
<use gambar/50 mundur.jpg>
Package pdftex.def Info: gambar/50 mundur.jpg  used on input line 259.
(pdftex.def)             Requested size: 136.57462pt x 136.57668pt.
File: gambar/50 stop.jpg Graphic file (type jpg)
<use gambar/50 stop.jpg>
Package pdftex.def Info: gambar/50 stop.jpg  used on input line 266.
(pdftex.def)             Requested size: 136.57462pt x 136.57869pt.
<gambar/50accuracy.png, id=936, 409.7709pt x 328.8285pt>
File: gambar/50accuracy.png Graphic file (type png)
<use gambar/50accuracy.png>
Package pdftex.def Info: gambar/50accuracy.png  used on input line 280.
(pdftex.def)             Requested size: 286.83768pt x 230.17838pt.

Underfull \vbox (badness 10000) has occurred while \output is active []

 [37 <./gambar/50 kanan.jpg> <./gambar/50 kiri.jpg> <./gambar/50 maju.jpg> <./gambar/50 mundur.jpg>]
<gambar/50loss.png, id=941, 406.1574pt x 328.8285pt>
File: gambar/50loss.png Graphic file (type png)
<use gambar/50loss.png>
Package pdftex.def Info: gambar/50loss.png  used on input line 289.
(pdftex.def)             Requested size: 284.30823pt x 230.17838pt.
 [38 <./gambar/50accuracy.png> <./gambar/50loss.png>]
<gambar/50confusion.png, id=951, 323.0469pt x 339.669pt>
File: gambar/50confusion.png Graphic file (type png)
<use gambar/50confusion.png>
Package pdftex.def Info: gambar/50confusion.png  used on input line 300.
(pdftex.def)             Requested size: 258.43787pt x 271.73557pt.

Overfull \hbox (1.22389pt too wide) in paragraph at lines 324--325
\OT1/txr/m/n/12 dan ni-lai \OT1/txr/m/it/12 re-call\OT1/txr/m/n/12 nya 0.9898. Hal ini menye-babkan ke-las kanan memi-liki \OT1/txr/m/it/12 F1-Score \OT1/txr/m/n/12 sebe-sar 0.9949.
 []


Underfull \vbox (badness 10000) has occurred while \output is active []

 [39 <./gambar/50confusion.png>]
<gambar/75 kanan.jpg, id=958, 114.4275pt x 114.4275pt>
File: gambar/75 kanan.jpg Graphic file (type jpg)
<use gambar/75 kanan.jpg>
Package pdftex.def Info: gambar/75 kanan.jpg  used on input line 349.
(pdftex.def)             Requested size: 136.57462pt x 136.58072pt.
<gambar/75 kiri.jpg, id=959, 114.4275pt x 114.4275pt>
File: gambar/75 kiri.jpg Graphic file (type jpg)
<use gambar/75 kiri.jpg>
Package pdftex.def Info: gambar/75 kiri.jpg  used on input line 356.
(pdftex.def)             Requested size: 136.57462pt x 136.58072pt.
<gambar/75 maju.jpg, id=960, 102.3825pt x 102.3825pt>
File: gambar/75 maju.jpg Graphic file (type jpg)
<use gambar/75 maju.jpg>
Package pdftex.def Info: gambar/75 maju.jpg  used on input line 363.
(pdftex.def)             Requested size: 136.57462pt x 136.58412pt.
<gambar/75 mundur.jpg, id=961, 110.4125pt x 110.4125pt>
File: gambar/75 mundur.jpg Graphic file (type jpg)
<use gambar/75 mundur.jpg>
Package pdftex.def Info: gambar/75 mundur.jpg  used on input line 370.
(pdftex.def)             Requested size: 136.57462pt x 136.58153pt.
File: gambar/75 stop.jpg Graphic file (type jpg)
<use gambar/75 stop.jpg>
Package pdftex.def Info: gambar/75 stop.jpg  used on input line 377.
(pdftex.def)             Requested size: 136.57462pt x 136.58716pt.
<gambar/75accuracy.png, id=964, 409.7709pt x 328.8285pt>
File: gambar/75accuracy.png Graphic file (type png)
<use gambar/75accuracy.png>
Package pdftex.def Info: gambar/75accuracy.png  used on input line 390.
(pdftex.def)             Requested size: 286.83768pt x 230.17838pt.
 [40 <./gambar/75 kanan.jpg> <./gambar/75 kiri.jpg> <./gambar/75 maju.jpg> <./gambar/75 mundur.jpg>]
<gambar/75loss.png, id=970, 406.1574pt x 328.8285pt>
File: gambar/75loss.png Graphic file (type png)
<use gambar/75loss.png>
Package pdftex.def Info: gambar/75loss.png  used on input line 399.
(pdftex.def)             Requested size: 284.30823pt x 230.17838pt.
 [41 <./gambar/75accuracy.png> <./gambar/75loss.png>]
<gambar/75confusion.png, id=980, 323.0469pt x 339.669pt>
File: gambar/75confusion.png Graphic file (type png)
<use gambar/75confusion.png>
Package pdftex.def Info: gambar/75confusion.png  used on input line 410.
(pdftex.def)             Requested size: 258.43787pt x 271.73557pt.
 [42 <./gambar/75confusion.png>]
<gambar/100 kanan.jpg, id=987, 92.345pt x 92.345pt>
File: gambar/100 kanan.jpg Graphic file (type jpg)
<use gambar/100 kanan.jpg>
Package pdftex.def Info: gambar/100 kanan.jpg  used on input line 462.
(pdftex.def)             Requested size: 136.57462pt x 136.57542pt.
<gambar/100 kiri.jpg, id=988, 94.3525pt x 94.3525pt>
File: gambar/100 kiri.jpg Graphic file (type jpg)
<use gambar/100 kiri.jpg>
Package pdftex.def Info: gambar/100 kiri.jpg  used on input line 469.
(pdftex.def)             Requested size: 136.57462pt x 136.58588pt.
<gambar/100 maju.jpg, id=989, 76.285pt x 76.285pt>
File: gambar/100 maju.jpg Graphic file (type jpg)
<use gambar/100 maju.jpg>
Package pdftex.def Info: gambar/100 maju.jpg  used on input line 476.
(pdftex.def)             Requested size: 136.57462pt x 136.5807pt.
<gambar/100 mundur.jpg, id=990, 82.3075pt x 82.3075pt>
File: gambar/100 mundur.jpg Graphic file (type jpg)
<use gambar/100 mundur.jpg>
Package pdftex.def Info: gambar/100 mundur.jpg  used on input line 483.
(pdftex.def)             Requested size: 136.57462pt x 136.59145pt.
File: gambar/100 stop.jpg Graphic file (type jpg)
<use gambar/100 stop.jpg>
Package pdftex.def Info: gambar/100 stop.jpg  used on input line 490.
(pdftex.def)             Requested size: 136.57462pt x 136.58588pt.
<gambar/100accuracy.png, id=993, 409.7709pt x 328.8285pt>
File: gambar/100accuracy.png Graphic file (type png)
<use gambar/100accuracy.png>
Package pdftex.def Info: gambar/100accuracy.png  used on input line 503.
(pdftex.def)             Requested size: 286.83768pt x 230.17838pt.

Underfull \vbox (badness 10000) has occurred while \output is active []

 [43 <./gambar/100 kanan.jpg> <./gambar/100 kiri.jpg> <./gambar/100 maju.jpg> <./gambar/100 mundur.jpg>]
<gambar/100loss.png, id=998, 406.1574pt x 328.8285pt>
File: gambar/100loss.png Graphic file (type png)
<use gambar/100loss.png>
Package pdftex.def Info: gambar/100loss.png  used on input line 512.
(pdftex.def)             Requested size: 284.30823pt x 230.17838pt.
 [44 <./gambar/100accuracy.png> <./gambar/100loss.png>]
<gambar/100confusion.png, id=1008, 323.0469pt x 339.669pt>
File: gambar/100confusion.png Graphic file (type png)
<use gambar/100confusion.png>
Package pdftex.def Info: gambar/100confusion.png  used on input line 524.
(pdftex.def)             Requested size: 258.43787pt x 271.73557pt.
 [45 <./gambar/100confusion.png>]
<gambar/15 stop.png, id=1016, 602.25pt x 478.03593pt>
File: gambar/15 stop.png Graphic file (type png)
<use gambar/15 stop.png>
Package pdftex.def Info: gambar/15 stop.png  used on input line 578.
(pdftex.def)             Requested size: 136.57462pt x 108.40686pt.
<gambar/46 stop.png, id=1017, 600.74437pt x 480.29437pt>
File: gambar/46 stop.png Graphic file (type png)
<use gambar/46 stop.png>
Package pdftex.def Info: gambar/46 stop.png  used on input line 579.
(pdftex.def)             Requested size: 136.57462pt x 109.19019pt.
<gambar/110 stop.png, id=1018, 601.4972pt x 478.78876pt>
File: gambar/110 stop.png Graphic file (type png)
<use gambar/110 stop.png>
Package pdftex.def Info: gambar/110 stop.png  used on input line 580.
(pdftex.def)             Requested size: 136.57462pt x 108.70909pt.

Overfull \hbox (0.35991pt too wide) in paragraph at lines 587--588
[]\OT1/txr/m/n/12 Pengujian per-tama di-lakukan den-gan men-guji in-ten-si-tas ca-haya sebe-sar 15 lux yang merep-
 []


Overfull \hbox (5.43591pt too wide) in paragraph at lines 587--588
\OT1/txr/m/n/12 se-buah sen-ter yang di-hadap-kan kearah langit-langit ru-an-gan. Gam-bar []4.20[] me-nun-jukkan keadaan
 []


Underfull \vbox (badness 10000) has occurred while \output is active []

 [46 <./gambar/15 stop.png> <./gambar/46 stop.png> <./gambar/110 stop.png>]
<gambar/15 kanan.png, id=1028, 603.75563pt x 481.04718pt>
File: gambar/15 kanan.png Graphic file (type png)
<use gambar/15 kanan.png>
Package pdftex.def Info: gambar/15 kanan.png  used on input line 593.
(pdftex.def)             Requested size: 136.57462pt x 108.8108pt.
<gambar/15 kiri.png, id=1029, 602.25pt x 481.8pt>
File: gambar/15 kiri.png Graphic file (type png)
<use gambar/15 kiri.png>
Package pdftex.def Info: gambar/15 kiri.png  used on input line 600.
(pdftex.def)             Requested size: 136.57462pt x 109.26045pt.
<gambar/15 maju.png, id=1030, 599.99156pt x 479.54156pt>
File: gambar/15 maju.png Graphic file (type png)
<use gambar/15 maju.png>
Package pdftex.def Info: gambar/15 maju.png  used on input line 607.
(pdftex.def)             Requested size: 136.57462pt x 109.15074pt.
<gambar/15 mundur.png, id=1031, 601.4972pt x 475.7775pt>
File: gambar/15 mundur.png Graphic file (type png)
<use gambar/15 mundur.png>
Package pdftex.def Info: gambar/15 mundur.png  used on input line 614.
(pdftex.def)             Requested size: 136.57462pt x 108.02538pt.
File: gambar/15 stop.png Graphic file (type png)
<use gambar/15 stop.png>
Package pdftex.def Info: gambar/15 stop.png  used on input line 621.
(pdftex.def)             Requested size: 136.57462pt x 108.40686pt.

Underfull \vbox (badness 6825) has occurred while \output is active []

 [47 <./gambar/15 kanan.png> <./gambar/15 kiri.png> <./gambar/15 maju.png> <./gambar/15 mundur.png>]
<gambar/46 kanan.png, id=1042, 602.25pt x 480.29437pt>
File: gambar/46 kanan.png Graphic file (type png)
<use gambar/46 kanan.png>
Package pdftex.def Info: gambar/46 kanan.png  used on input line 658.
(pdftex.def)             Requested size: 136.57462pt x 108.91902pt.
<gambar/46 kiri.png, id=1043, 602.25pt x 481.8pt>
File: gambar/46 kiri.png Graphic file (type png)
<use gambar/46 kiri.png>
Package pdftex.def Info: gambar/46 kiri.png  used on input line 665.
(pdftex.def)             Requested size: 136.57462pt x 109.26045pt.
<gambar/46 maju.png, id=1044, 601.4972pt x 481.04718pt>
File: gambar/46 maju.png Graphic file (type png)
<use gambar/46 maju.png>
Package pdftex.def Info: gambar/46 maju.png  used on input line 672.
(pdftex.def)             Requested size: 136.57462pt x 109.22186pt.
<gambar/46 mundur.png, id=1045, 601.4972pt x 481.04718pt>
File: gambar/46 mundur.png Graphic file (type png)
<use gambar/46 mundur.png>
Package pdftex.def Info: gambar/46 mundur.png  used on input line 679.
(pdftex.def)             Requested size: 136.57462pt x 109.22186pt.
File: gambar/46 stop.png Graphic file (type png)
<use gambar/46 stop.png>
Package pdftex.def Info: gambar/46 stop.png  used on input line 686.
(pdftex.def)             Requested size: 136.57462pt x 109.19019pt.
 [48 <./gambar/46 kanan.png> <./gambar/46 kiri.png> <./gambar/46 maju.png> <./gambar/46 mundur.png>]
<gambar/110 kanan.png, id=1056, 601.4972pt x 481.04718pt>
File: gambar/110 kanan.png Graphic file (type png)
<use gambar/110 kanan.png>
Package pdftex.def Info: gambar/110 kanan.png  used on input line 722.
(pdftex.def)             Requested size: 136.57462pt x 109.22186pt.
<gambar/110 kiri.png, id=1057, 601.4972pt x 481.8pt>
File: gambar/110 kiri.png Graphic file (type png)
<use gambar/110 kiri.png>
Package pdftex.def Info: gambar/110 kiri.png  used on input line 729.
(pdftex.def)             Requested size: 136.57462pt x 109.39279pt.
<gambar/110 maju.png, id=1058, 600.74437pt x 481.8pt>
File: gambar/110 maju.png Graphic file (type png)
<use gambar/110 maju.png>
Package pdftex.def Info: gambar/110 maju.png  used on input line 736.
(pdftex.def)             Requested size: 136.57462pt x 109.53247pt.
<gambar/110 mundur.png, id=1059, 602.25pt x 479.54156pt>
File: gambar/110 mundur.png Graphic file (type png)
<use gambar/110 mundur.png>
Package pdftex.def Info: gambar/110 mundur.png  used on input line 743.
(pdftex.def)             Requested size: 136.57462pt x 108.7483pt.
File: gambar/110 stop.png Graphic file (type png)
<use gambar/110 stop.png>
Package pdftex.def Info: gambar/110 stop.png  used on input line 750.
(pdftex.def)             Requested size: 136.57462pt x 108.70909pt.


LaTeX Warning: Reference `tb:100lux' on page 49 undefined on input line 758.

[49 <./gambar/110 kanan.png> <./gambar/110 kiri.png> <./gambar/110 maju.png> <./gambar/110 mundur.png>]
Overfull \hbox (1.7752pt too wide) in paragraph at lines 783--784
\OT1/txr/m/n/12 nakan lap-top penulis. Di-da-p-atkan ni-lai rata-rata FPS pada lap-top sebe-sar 7.645666667. Pengam-
 []


Underfull \vbox (badness 10000) has occurred while \output is active []

 [50] [51]
Overfull \hbox (16.49992pt too wide) in paragraph at lines 907--908
\OT1/txr/m/n/12 da-p-atkan hasil dari proses klasi-fikasi. Rata-rata waktu \OT1/txr/m/it/12 de-lay \OT1/txr/m/n/12 yang di-da-p-atkan adalah 0,3025423729.
 []

[52] [53] [54] [55] [56] [57] [58] [59] [60]) [61] [62] (bab/5-penutup.tex
Chapter 5.

Overfull \hbox (0.32257pt too wide) in paragraph at lines 35--36
[]\OT1/txr/m/n/12 Menggunakan \OT1/txr/m/it/12 Sin-gle Board Com-puter \OT1/txr/m/n/12 yang memi-liki ke-mam-puan pem-ros-esan yang lebih
 []

) [63


] [64

]
LaTeX Font Info:    Trying to load font information for OT1+txtt on input line 242.
 (C:\Users\Batrisyia Zahrani\AppData\Local\Programs\MiKTeX\tex/latex/txfonts\ot1txtt.fd
File: ot1txtt.fd 2000/12/15 v3.1
)
Overfull \hbox (5.06575pt too wide) in paragraph at lines 243--243
\OT1/txr/m/n/12 ``Pe-man-faatan kursi roda elek-trik den-gan kendali joy-stick guna meningkatkan ke-mandirian
 []


Overfull \hbox (12.63779pt too wide) in paragraph at lines 243--243
\OT1/txr/m/n/12 siswa berke-bu-tuhan khusus di seko-lah luar bi-asa d yayasan pem-bi-naan anak ca-cat surabaya,''
 []


Overfull \hbox (3.76169pt too wide) in paragraph at lines 243--243
[]\OT1/txr/m/n/12 E. Ovalle-Magallanes, J. G. Avina-Cervantes, I. Cruz-Aceves, and J. Ruiz-Pinales, ``Trans-
 []

[65

]
Overfull \hbox (12.89694pt too wide) in paragraph at lines 243--243
\OT1/txtt/m/n/12 03 / apa -[] sih -[] next -[] unit -[] of -[] computing -[] atau -[] nuc -[] itu -[] begini -[] penjelasannya/$[]\OT1/txr/m/n/12 . 
 []


Overfull \hbox (3.46141pt too wide) in paragraph at lines 243--243
[]\OT1/txr/m/n/12 I. Ekatama, ``Per-an-can-gan sis-tem kon-trol mo-tor kursi roda se-cara nirk-a-bel berba-sis esp32,''
 []

[66] (lainnya/biografi-penulis.tex
<gambar/Batrisyia Zahrani Ananto 5024201065 4 x 6.jpg, id=1182, 473.77pt x 711.65875pt>
File: gambar/Batrisyia Zahrani Ananto 5024201065 4 x 6.jpg Graphic file (type jpg)
<use gambar/Batrisyia Zahrani Ananto 5024201065 4 x 6.jpg>
Package pdftex.def Info: gambar/Batrisyia Zahrani Ananto 5024201065 4 x 6.jpg  used on input line 14.
(pdftex.def)             Requested size: 136.57462pt x 205.14868pt.
)
Underfull \hbox (badness 1515) in paragraph at lines 19--248
\OT1/txr/m/n/12 Cer-das, In-sti-tut Tek-no-logi Sepu-luh Nopem-ber mu-lai tahun
 []

[67

 <./gambar/Batrisyia Zahrani Ananto 5024201065 4 x 6.jpg>] [68

] (main.aux)
 ***********
LaTeX2e <2023-11-01> patch level 1
L3 programming layer <2024-03-14>
 ***********


LaTeX Warning: There were undefined references.


LaTeX Warning: There were multiply-defined labels.

Package rerunfilecheck Info: File `main.out' has not changed.
(rerunfilecheck)             Checksum: 9FDA6E9419934A57F6D85D329482A202;12805.
Package logreq Info: Writing requests to 'main.run.xml'.
\openout1 = `main.run.xml'.

 ) 
Here is how much of TeX's memory you used:
 24711 strings out of 474424
 439613 string characters out of 5736039
 1995496 words of memory out of 5000000
 46361 multiletter control sequences out of 15000+600000
 603998 words of font info for 129 fonts, out of 8000000 for 9000
 1149 hyphenation exceptions out of 8191
 75i,13n,81p,3021b,1519s stack positions out of 10000i,1000n,20000p,200000b,200000s
<C:/Users/Batrisyia Zahrani/AppData/Local/Programs/MiKTeX/fonts/type1/public/txfonts/rtcxr.pfb><C:/Users/Batrisyia Zahrani/AppData/Local/Programs/MiKTeX/fonts/type1/public/txfonts/rtxb.pfb><C:/Users/Batrisyia Zahrani/AppData/Local/Programs/MiKTeX/fonts/type1/public/txfonts/rtxi.pfb><C:/Users/Batrisyia Zahrani/AppData/Local/Programs/MiKTeX/fonts/type1/public/txfonts/rtxmi.pfb><C:/Users/Batrisyia Zahrani/AppData/Local/Programs/MiKTeX/fonts/type1/public/txfonts/rtxr.pfb><C:/Users/Batrisyia Zahrani/AppData/Local/Programs/MiKTeX/fonts/type1/public/txfonts/rtxsc.pfb><C:/Users/Batrisyia Zahrani/AppData/Local/Programs/MiKTeX/fonts/type1/public/txfonts/txsy.pfb><C:/Users/Batrisyia Zahrani/AppData/Local/Programs/MiKTeX/fonts/type1/public/txfonts/txtt.pfb><C:/Users/Batrisyia Zahrani/AppData/Local/Programs/MiKTeX/fonts/type1/urw/helvetic/uhvb8a.pfb><C:/Users/Batrisyia Zahrani/AppData/Local/Programs/MiKTeX/fonts/type1/urw/helvetic/uhvb8a.pfb><C:/Users/Batrisyia Zahrani/AppData/Local/Programs/MiKTeX/fonts/type1/urw/helvetic/uhvr8a.pfb><C:/Users/Batrisyia Zahrani/AppData/Local/Programs/MiKTeX/fonts/type1/urw/times/utmb8a.pfb><C:/Users/Batrisyia Zahrani/AppData/Local/Programs/MiKTeX/fonts/type1/urw/times/utmbi8a.pfb><C:/Users/Batrisyia Zahrani/AppData/Local/Programs/MiKTeX/fonts/type1/urw/times/utmr8a.pfb><C:/Users/Batrisyia Zahrani/AppData/Local/Programs/MiKTeX/fonts/type1/urw/times/utmri8a.pfb>
Output written on main.pdf (95 pages, 19884190 bytes).
PDF statistics:
 1319 PDF objects out of 1440 (max. 8388607)
 283 named destinations out of 1000 (max. 500000)
 915 words of extra memory for PDF output out of 10000 (max. 10000000)

