\BOOKMARK [0][-]{Doc-Start}{\376\377\000A\000B\000S\000T\000R\000A\000K}{}% 1
\BOOKMARK [0][-]{Doc-Start}{\376\377\000A\000B\000S\000T\000R\000A\000C\000T}{}% 2
\BOOKMARK [0][-]{Doc-Start}{\376\377\000K\000A\000T\000A\000\040\000P\000E\000N\000G\000A\000N\000T\000A\000R}{}% 3
\BOOKMARK [0][-]{Item.4}{\376\377\000D\000A\000F\000T\000A\000R\000\040\000I\000S\000I}{}% 4
\BOOKMARK [0][-]{chapter*.1}{\376\377\000D\000A\000F\000T\000A\000R\000\040\000G\000A\000M\000B\000A\000R}{}% 5
\BOOKMARK [0][-]{chapter*.2}{\376\377\000D\000A\000F\000T\000A\000R\000\040\000T\000A\000B\000E\000L}{}% 6
\BOOKMARK [0][-]{chapter.1}{\376\377\0001\000\040\000P\000E\000N\000D\000A\000H\000U\000L\000U\000A\000N}{}% 7
\BOOKMARK [1][-]{section.1.1}{\376\377\0001\000.\0001\000\040\000L\000a\000t\000a\000r\000\040\000B\000e\000l\000a\000k\000a\000n\000g}{chapter.1}% 8
\BOOKMARK [1][-]{section.1.2}{\376\377\0001\000.\0002\000\040\000P\000e\000r\000m\000a\000s\000a\000l\000a\000h\000a\000n}{chapter.1}% 9
\BOOKMARK [1][-]{section.1.3}{\376\377\0001\000.\0003\000\040\000T\000u\000j\000u\000a\000n}{chapter.1}% 10
\BOOKMARK [1][-]{section.1.4}{\376\377\0001\000.\0004\000\040\000B\000a\000t\000a\000s\000a\000n\000\040\000M\000a\000s\000a\000l\000a\000h}{chapter.1}% 11
\BOOKMARK [1][-]{section.1.5}{\376\377\0001\000.\0005\000\040\000M\000a\000n\000f\000a\000a\000t}{chapter.1}% 12
\BOOKMARK [1][-]{section.1.6}{\376\377\0001\000.\0006\000\040\000S\000i\000s\000t\000e\000m\000a\000t\000i\000k\000a\000\040\000P\000e\000n\000u\000l\000i\000s\000a\000n}{chapter.1}% 13
\BOOKMARK [0][-]{chapter.2}{\376\377\0002\000\040\000T\000I\000N\000J\000A\000U\000A\000N\000\040\000P\000U\000S\000T\000A\000K\000A}{}% 14
\BOOKMARK [1][-]{section.2.1}{\376\377\0002\000.\0001\000\040\000H\000a\000s\000i\000l\000\040\000p\000e\000n\000e\000l\000i\000t\000i\000a\000n\000/\000p\000e\000r\000a\000n\000c\000a\000n\000g\000a\000n\000\040\000t\000e\000r\000d\000a\000h\000u\000l\000u}{chapter.2}% 15
\BOOKMARK [2][-]{subsection.2.1.1}{\376\377\0002\000.\0001\000.\0001\000\040\000W\000i\000r\000e\000l\000e\000s\000s\000\040\000H\000e\000a\000d\000\040\000G\000e\000s\000t\000u\000r\000e\000\040\000C\000o\000n\000t\000r\000o\000l\000l\000e\000d\000\040\000W\000h\000e\000e\000l\000\040\000C\000h\000a\000i\000r\000\040\000f\000o\000r\000\040\000D\000i\000s\000a\000b\000l\000e\000\040\000P\000e\000r\000s\000o\000n\000s}{section.2.1}% 16
\BOOKMARK [2][-]{subsection.2.1.2}{\376\377\0002\000.\0001\000.\0002\000\040\000K\000u\000r\000s\000i\000\040\000R\000o\000d\000a\000\040\000E\000l\000e\000k\000t\000r\000i\000k\000\040\000d\000e\000n\000g\000a\000n\000\040\000K\000e\000n\000d\000a\000l\000i\000\040\000G\000e\000s\000t\000u\000r\000\040\000K\000e\000p\000a\000l\000a}{section.2.1}% 17
\BOOKMARK [1][-]{section.2.2}{\376\377\0002\000.\0002\000\040\000D\000a\000s\000a\000r\000\040\000T\000e\000o\000r\000i}{chapter.2}% 18
\BOOKMARK [2][-]{subsection.2.2.1}{\376\377\0002\000.\0002\000.\0001\000\040\000K\000u\000r\000s\000i\000\040\000R\000o\000d\000a\000\040\000E\000l\000e\000k\000t\000r\000i\000k}{section.2.2}% 19
\BOOKMARK [2][-]{subsection.2.2.2}{\376\377\0002\000.\0002\000.\0002\000\040\000D\000C\000\040\000M\000o\000t\000o\000r}{section.2.2}% 20
\BOOKMARK [2][-]{subsection.2.2.3}{\376\377\0002\000.\0002\000.\0003\000\040\000H\000e\000a\000d\000\040\000G\000e\000s\000t\000u\000r\000e}{section.2.2}% 21
\BOOKMARK [2][-]{subsection.2.2.4}{\376\377\0002\000.\0002\000.\0004\000\040\000M\000e\000d\000i\000a\000p\000i\000p\000e}{section.2.2}% 22
\BOOKMARK [2][-]{subsection.2.2.5}{\376\377\0002\000.\0002\000.\0005\000\040\000C\000o\000n\000v\000o\000l\000u\000t\000i\000o\000n\000a\000l\000\040\000N\000e\000u\000r\000a\000l\000\040\000N\000e\000t\000w\000o\000r\000k\000\040\000\050\000C\000N\000N\000\051}{section.2.2}% 23
\BOOKMARK [2][-]{subsection.2.2.6}{\376\377\0002\000.\0002\000.\0006\000\040\000M\000e\000t\000r\000i\000c\000s\000\040\000E\000v\000a\000l\000u\000a\000s\000i}{section.2.2}% 24
\BOOKMARK [2][-]{subsection.2.2.7}{\376\377\0002\000.\0002\000.\0007\000\040\000T\000e\000n\000s\000o\000r\000f\000l\000o\000w}{section.2.2}% 25
\BOOKMARK [2][-]{subsection.2.2.8}{\376\377\0002\000.\0002\000.\0008\000\040\000P\000y\000t\000h\000o\000n}{section.2.2}% 26
\BOOKMARK [2][-]{subsection.2.2.9}{\376\377\0002\000.\0002\000.\0009\000\040\000K\000a\000m\000e\000r\000a}{section.2.2}% 27
\BOOKMARK [2][-]{subsection.2.2.10}{\376\377\0002\000.\0002\000.\0001\0000\000\040\000D\000C\000-\000D\000C\000\040\000V\000o\000l\000t\000a\000g\000e\000\040\000R\000e\000g\000u\000l\000a\000t\000o\000r}{section.2.2}% 28
\BOOKMARK [2][-]{subsection.2.2.11}{\376\377\0002\000.\0002\000.\0001\0001\000\040\000H\000-\000B\000r\000i\000d\000g\000e\000\040\000M\000o\000t\000o\000r\000\040\000D\000r\000i\000v\000e\000r}{section.2.2}% 29
\BOOKMARK [2][-]{subsection.2.2.12}{\376\377\0002\000.\0002\000.\0001\0002\000\040\000E\000S\000P\0003\0002\000\040\000D\000e\000v\000k\000i\000t\000\040\000V\0001}{section.2.2}% 30
\BOOKMARK [2][-]{subsection.2.2.13}{\376\377\0002\000.\0002\000.\0001\0003\000\040\000N\000U\000C}{section.2.2}% 31
\BOOKMARK [2][-]{subsection.2.2.14}{\376\377\0002\000.\0002\000.\0001\0004\000\040\000A\000r\000d\000u\000i\000n\000o\000\040\000I\000D\000E}{section.2.2}% 32
\BOOKMARK [0][-]{chapter.3}{\376\377\0003\000\040\000M\000E\000T\000O\000D\000O\000L\000O\000G\000I}{}% 33
\BOOKMARK [1][-]{section.3.1}{\376\377\0003\000.\0001\000\040\000H\000a\000r\000d\000w\000a\000r\000e}{chapter.3}% 34
\BOOKMARK [2][-]{subsection.3.1.1}{\376\377\0003\000.\0001\000.\0001\000\040\000N\000U\000C}{section.3.1}% 35
\BOOKMARK [2][-]{subsection.3.1.2}{\376\377\0003\000.\0001\000.\0002\000\040\000K\000o\000n\000t\000r\000o\000l\000l\000e\000r\000\040\000K\000u\000r\000s\000i\000\040\000R\000o\000d\000a}{section.3.1}% 36
\BOOKMARK [1][-]{section.3.2}{\376\377\0003\000.\0002\000\040\000S\000o\000f\000t\000w\000a\000r\000e}{chapter.3}% 37
\BOOKMARK [2][-]{subsection.3.2.1}{\376\377\0003\000.\0002\000.\0001\000\040\000C\000i\000t\000r\000a}{section.3.2}% 38
\BOOKMARK [2][-]{subsection.3.2.2}{\376\377\0003\000.\0002\000.\0002\000\040\000E\000k\000s\000t\000r\000a\000k\000s\000i\000\040\000F\000i\000t\000u\000r\000\040\000L\000a\000n\000d\000m\000a\000r\000k}{section.3.2}% 39
\BOOKMARK [2][-]{subsection.3.2.3}{\376\377\0003\000.\0002\000.\0003\000\040\000K\000l\000a\000s\000i\000f\000i\000k\000a\000s\000i\000\040\000L\000a\000n\000d\000m\000a\000r\000k}{section.3.2}% 40
\BOOKMARK [0][-]{chapter.4}{\376\377\0004\000\040\000P\000E\000N\000G\000U\000J\000I\000A\000N\000\040\000D\000A\000N\000\040\000A\000N\000A\000L\000I\000S\000I\000S}{}% 41
\BOOKMARK [1][-]{section.4.1}{\376\377\0004\000.\0001\000\040\000S\000k\000e\000n\000a\000r\000i\000o\000\040\000P\000e\000n\000g\000u\000j\000i\000a\000n}{chapter.4}% 42
\BOOKMARK [1][-]{section.4.2}{\376\377\0004\000.\0002\000\040\000P\000e\000n\000g\000u\000j\000i\000a\000n\000\040\000P\000e\000r\000f\000o\000r\000m\000a\000\040\000M\000o\000d\000e\000l}{chapter.4}% 43
\BOOKMARK [2][-]{subsection.4.2.1}{\376\377\0004\000.\0002\000.\0001\000\040\000P\000e\000n\000g\000u\000j\000i\000a\000n\000\040\000M\000o\000d\000e\000l\000\040\000P\000e\000r\000t\000a\000m\000a}{section.4.2}% 44
\BOOKMARK [2][-]{subsection.4.2.2}{\376\377\0004\000.\0002\000.\0002\000\040\000P\000e\000n\000g\000u\000j\000i\000a\000n\000\040\000M\000o\000d\000e\000l\000\040\000K\000e\000d\000u\000a}{section.4.2}% 45
\BOOKMARK [1][-]{section.4.3}{\376\377\0004\000.\0003\000\040\000P\000e\000n\000g\000u\000j\000i\000a\000n\000\040\000P\000e\000r\000f\000o\000r\000m\000a\000\040\000M\000o\000d\000e\000l\000\040\000d\000e\000n\000g\000a\000n\000\040\000V\000a\000r\000i\000a\000s\000i\000\040\000J\000a\000r\000a\000k\000\040\000K\000a\000m\000e\000r\000a}{chapter.4}% 46
\BOOKMARK [2][-]{subsection.4.3.1}{\376\377\0004\000.\0003\000.\0001\000\040\000P\000e\000n\000g\000u\000j\000i\000a\000n\000\040\000j\000a\000r\000a\000k\000\040\0005\0000\000\040\000s\000e\000n\000t\000i\000m\000e\000t\000e\000r}{section.4.3}% 47
\BOOKMARK [2][-]{subsection.4.3.2}{\376\377\0004\000.\0003\000.\0002\000\040\000P\000e\000n\000g\000u\000j\000i\000a\000n\000\040\000j\000a\000r\000a\000k\000\040\0007\0005\000\040\000s\000e\000n\000t\000i\000m\000e\000t\000e\000r}{section.4.3}% 48
\BOOKMARK [2][-]{subsection.4.3.3}{\376\377\0004\000.\0003\000.\0003\000\040\000P\000e\000n\000g\000u\000j\000i\000a\000n\000\040\000j\000a\000r\000a\000k\000\040\0001\0000\0000\000\040\000s\000e\000n\000t\000i\000m\000e\000t\000e\000r}{section.4.3}% 49
\BOOKMARK [1][-]{section.4.4}{\376\377\0004\000.\0004\000\040\000P\000e\000n\000g\000u\000j\000i\000a\000n\000\040\000p\000e\000r\000f\000o\000r\000m\000a\000\040\000m\000o\000d\000e\000l\000\040\000d\000e\000n\000g\000a\000n\000\040\000v\000a\000r\000i\000a\000s\000i\000\040\000p\000e\000n\000c\000a\000h\000a\000y\000a\000a\000n}{chapter.4}% 50
\BOOKMARK [2][-]{subsection.4.4.1}{\376\377\0004\000.\0004\000.\0001\000\040\000P\000e\000n\000g\000u\000j\000i\000a\000n\000\040\000i\000n\000t\000e\000n\000s\000i\000t\000a\000s\000\040\000c\000a\000h\000a\000y\000a\000\040\0001\0005\000\040\000l\000u\000x}{section.4.4}% 51
\BOOKMARK [2][-]{subsection.4.4.2}{\376\377\0004\000.\0004\000.\0002\000\040\000P\000e\000n\000g\000u\000j\000i\000a\000n\000\040\000i\000n\000t\000e\000n\000s\000i\000t\000a\000s\000\040\000c\000a\000h\000a\000y\000a\000\040\0004\0006\000\040\000l\000u\000x}{section.4.4}% 52
\BOOKMARK [2][-]{subsection.4.4.3}{\376\377\0004\000.\0004\000.\0003\000\040\000P\000e\000n\000g\000u\000j\000i\000a\000n\000\040\000i\000n\000t\000e\000n\000s\000i\000t\000a\000s\000\040\000c\000a\000h\000a\000y\000a\000\040\0001\0001\0000\000\040\000l\000u\000x}{section.4.4}% 53
\BOOKMARK [1][-]{section.4.5}{\376\377\0004\000.\0005\000\040\000P\000e\000n\000g\000u\000j\000i\000a\000n\000\040\000K\000e\000c\000e\000p\000a\000t\000a\000n\000\040\000F\000P\000S}{chapter.4}% 54
\BOOKMARK [2][-]{subsection.4.5.1}{\376\377\0004\000.\0005\000.\0001\000\040\000P\000e\000n\000g\000u\000j\000i\000a\000n\000\040\000K\000e\000c\000e\000p\000a\000t\000a\000n\000\040\000F\000P\000S\000\040\000P\000a\000d\000a\000\040\000L\000a\000p\000t\000o\000p}{section.4.5}% 55
\BOOKMARK [2][-]{subsection.4.5.2}{\376\377\0004\000.\0005\000.\0002\000\040\000P\000e\000n\000g\000u\000j\000i\000a\000n\000\040\000K\000e\000c\000e\000p\000a\000t\000a\000n\000\040\000F\000P\000S\000\040\000P\000a\000d\000a\000\040\000N\000U\000C}{section.4.5}% 56
\BOOKMARK [1][-]{section.4.6}{\376\377\0004\000.\0006\000\040\000P\000e\000n\000g\000u\000j\000i\000a\000n\000\040\000W\000a\000k\000t\000u\000\040\000R\000e\000s\000p\000o\000n\000s\000\040\000K\000o\000n\000t\000r\000o\000l\000\040\000K\000u\000r\000s\000i\000\040\000R\000o\000d\000a}{chapter.4}% 57
\BOOKMARK [1][-]{section.4.7}{\376\377\0004\000.\0007\000\040\000P\000e\000n\000g\000u\000j\000i\000a\000n\000\040\000k\000e\000s\000t\000a\000b\000i\000l\000a\000n\000\040\000P\000e\000r\000f\000o\000r\000m\000a\000\040\000M\000o\000t\000o\000r\000\040\000K\000u\000r\000s\000i\000\040\000R\000o\000d\000a}{chapter.4}% 58
\BOOKMARK [2][-]{subsection.4.7.1}{\376\377\0004\000.\0007\000.\0001\000\040\000K\000e\000s\000t\000a\000b\000i\000l\000a\000n\000\040\000M\000o\000t\000o\000r\000\040\000K\000e\000l\000a\000s\000\040\000K\000a\000n\000a\000n}{section.4.7}% 59
\BOOKMARK [2][-]{subsection.4.7.2}{\376\377\0004\000.\0007\000.\0002\000\040\000K\000e\000s\000t\000a\000b\000i\000l\000a\000n\000\040\000M\000o\000t\000o\000r\000\040\000K\000e\000l\000a\000s\000\040\000K\000i\000r\000i}{section.4.7}% 60
\BOOKMARK [2][-]{subsection.4.7.3}{\376\377\0004\000.\0007\000.\0003\000\040\000K\000e\000s\000t\000a\000b\000i\000l\000a\000n\000\040\000M\000o\000t\000o\000r\000\040\000K\000e\000l\000a\000s\000\040\000M\000a\000j\000u}{section.4.7}% 61
\BOOKMARK [2][-]{subsection.4.7.4}{\376\377\0004\000.\0007\000.\0004\000\040\000K\000e\000s\000t\000a\000b\000i\000l\000a\000n\000\040\000M\000o\000t\000o\000r\000\040\000K\000e\000l\000a\000s\000\040\000M\000u\000n\000d\000u\000r}{section.4.7}% 62
\BOOKMARK [1][-]{section.4.8}{\376\377\0004\000.\0008\000\040\000P\000e\000m\000b\000a\000h\000a\000s\000a\000n\000\040\000H\000a\000s\000i\000l}{chapter.4}% 63
\BOOKMARK [0][-]{chapter.5}{\376\377\0005\000\040\000P\000E\000N\000U\000T\000U\000P}{}% 64
\BOOKMARK [1][-]{section.5.1}{\376\377\0005\000.\0001\000\040\000K\000e\000s\000i\000m\000p\000u\000l\000a\000n}{chapter.5}% 65
\BOOKMARK [1][-]{section.5.2}{\376\377\0005\000.\0002\000\040\000S\000a\000r\000a\000n}{chapter.5}% 66
\BOOKMARK [0][-]{chapter*.60}{\376\377\000D\000A\000F\000T\000A\000R\000\040\000P\000U\000S\000T\000A\000K\000A}{}% 67
\BOOKMARK [0][-]{chapter*.60}{\376\377\000B\000I\000O\000G\000R\000A\000F\000I\000\040\000P\000E\000N\000U\000L\000I\000S}{}% 68
